#
# There is insufficient memory for the Java Runtime Environment to continue.
# Native memory allocation (malloc) failed to allocate 1048576 bytes for AllocateHeap
# Possible reasons:
#   The system is out of physical RAM or swap space
#   The process is running with CompressedOops enabled, and the Java Heap may be blocking the growth of the native heap
# Possible solutions:
#   Reduce memory load on the system
#   Increase physical memory or swap space
#   Check if swap backing store is full
#   Decrease Java heap size (-Xmx/-Xms)
#   Decrease number of Java threads
#   Decrease Java thread stack sizes (-Xss)
#   Set larger code cache with -XX:ReservedCodeCacheSize=
#   JVM is running with Unscaled Compressed Oops mode in which the Java heap is
#     placed in the first 4GB address space. The Java Heap base address is the
#     maximum limit for the native heap growth. Please use -XX:HeapBaseMinAddress
#     to set the Java Heap base and to place the Java Heap above 4GB virtual address.
# This output file may be truncated or incomplete.
#
#  Out of Memory Error (c:/cygwin64/tmp/openjdk-jdk11u-windows-x64-hotspot/workspace/build/src/src/hotspot/share/memory/allocation.cpp:46), pid=11936, tid=31040
#
# JRE version: OpenJDK Runtime Environment (11.0.6+10) (build 11.0.6+10)
# Java VM: OpenJDK 64-Bit Server VM (11.0.6+10, mixed mode, tiered, compressed oops, g1 gc, windows-amd64)
# No core dump will be written. Minidumps are not enabled by default on client versions of Windows
#

---------------  S U M M A R Y ------------

Command Line: -Dclassworlds.conf=C:\Program Files\NetBeans-12.1\netbeans\java\maven\bin\..\bin\m2.conf -Dmaven.home=C:\Program Files\NetBeans-12.1\netbeans\java\maven\bin\.. -Dlibrary.jansi.path=C:\Program Files\NetBeans-12.1\netbeans\java\maven\bin\..\lib\jansi-native -Dmaven.multiModuleProjectDirectory=C:\Users\Media\Documents\NetBeansProjects\g55870.luckynumbers org.codehaus.plexus.classworlds.launcher.Launcher -Dexec.args=-classpath %classpath g55870.luckynumbers.LuckyNumbers.LuckyNumbers -Dexec.executable=C:\Users\Media\AppData\Local\Programs\AdoptOpenJDK\bin\java.exe -Dmaven.ext.class.path=C:\Program Files\NetBeans-12.1\netbeans\java\maven-nblib\netbeans-eventspy.jar -Dfile.encoding=UTF-8 process-classes org.codehaus.mojo:exec-maven-plugin:1.5.0:exec

Host: Intel(R) Core(TM) i7-8750H CPU @ 2.20GHz, 12 cores, 7G,  Windows 10 , 64 bit Build 19041 (10.0.19041.804)
Time: Fri Apr  2 04:11:40 2021 Paris, Madrid (heure d’été) elapsed time: 0 seconds (0d 0h 0m 0s)

---------------  T H R E A D  ---------------

Current thread (0x000002657fc49800):  VMThread "VM Thread" [stack: 0x0000009d17700000,0x0000009d17800000] [id=31040]

Stack: [0x0000009d17700000,0x0000009d17800000]
[error occurred during error reporting (printing stack bounds), id 0xc0000005, EXCEPTION_ACCESS_VIOLATION (0xc0000005) at pc=0x0000026508580dad]

Native frames: (J=compiled Java code, j=interpreted, Vv=VM code, C=native code)
V  [jvm.dll+0x5db25a]
V  [jvm.dll+0x7111de]
V  [jvm.dll+0x712877]
V  [jvm.dll+0x712ea5]
V  [jvm.dll+0x712e5b]
V  [jvm.dll+0x5da853]
V  [jvm.dll+0x5daf08]
C  [ntdll.dll+0xa1f6f]
C  [ntdll.dll+0x51454]
C  [ntdll.dll+0xa0a9e]
C  0x0000026508580dad

VM_Operation (0x0000009d171fd400): CollectForMetadataAllocation, mode: safepoint, requested by thread 0x000002657ddbd000


---------------  P R O C E S S  ---------------

Threads class SMR info:
_java_thread_list=0x000002651de28480, length=10, elements={
0x000002657ddbd000, 0x000002657fc4d800, 0x000002657fc4f000, 0x000002651dcc0800,
0x000002651dcc2000, 0x000002651dc6a800, 0x000002651dc6e800, 0x000002651dc77800,
0x000002651de4a000, 0x000002651de33000
}

Java Threads: ( => current thread )
  0x000002657ddbd000 JavaThread "main" [_thread_blocked, id=31128, stack(0x0000009d17100000,0x0000009d17200000)]
  0x000002657fc4d800 JavaThread "Reference Handler" daemon [_thread_blocked, id=28624, stack(0x0000009d17800000,0x0000009d17900000)]
  0x000002657fc4f000 JavaThread "Finalizer" daemon [_thread_blocked, id=31012, stack(0x0000009d17900000,0x0000009d17a00000)]
  0x000002651dcc0800 JavaThread "Signal Dispatcher" daemon [_thread_blocked, id=31324, stack(0x0000009d17a00000,0x0000009d17b00000)]
  0x000002651dcc2000 JavaThread "Attach Listener" daemon [_thread_blocked, id=31416, stack(0x0000009d17b00000,0x0000009d17c00000)]
  0x000002651dc6a800 JavaThread "C2 CompilerThread0" daemon [_thread_blocked, id=28940, stack(0x0000009d17c00000,0x0000009d17d00000)]
  0x000002651dc6e800 JavaThread "C1 CompilerThread0" daemon [_thread_blocked, id=31276, stack(0x0000009d17d00000,0x0000009d17e00000)]
  0x000002651dc77800 JavaThread "Sweeper thread" daemon [_thread_blocked, id=31060, stack(0x0000009d17e00000,0x0000009d17f00000)]
  0x000002651de4a000 JavaThread "Service Thread" daemon [_thread_blocked, id=1412, stack(0x0000009d17f00000,0x0000009d18000000)]
  0x000002651de33000 JavaThread "Common-Cleaner" daemon [_thread_blocked, id=20420, stack(0x0000009d18100000,0x0000009d18200000)]

Other Threads:
=>0x000002657fc49800 VMThread "VM Thread" [stack: 0x0000009d17700000,0x0000009d17800000] [id=31040]
  0x000002651de4b800 WatcherThread [stack: 0x0000009d18000000,0x0000009d18100000] [id=19340]
  0x000002657ddd5800 GCTaskThread "GC Thread#0" [stack: 0x0000009d17200000,0x0000009d17300000] [id=29752]
  0x000002651e5ab800 GCTaskThread "GC Thread#1" [stack: 0x0000009d18200000,0x0000009d18300000] [id=28076]
  0x000002651e6f1000 GCTaskThread "GC Thread#2" [stack: 0x0000009d18300000,0x0000009d18400000] [id=15492]
  0x000002657de07000 ConcurrentGCThread "G1 Main Marker" [stack: 0x0000009d17300000,0x0000009d17400000] [id=6312]
  0x000002657de08800 ConcurrentGCThread "G1 Conc#0" [stack: 0x0000009d17400000,0x0000009d17500000] [id=29680]
  0x000002651df6e800 ConcurrentGCThread "G1 Conc#1" [stack: 0x0000009d18400000,0x0000009d18500000] [id=31492]
  0x000002651e83e800 ConcurrentGCThread "G1 Conc#2" [stack: 0x0000009d18500000,0x0000009d18600000] [id=31612]
  0x000002657fa90800 ConcurrentGCThread "G1 Refine#0" [stack: 0x0000009d17500000,0x0000009d17600000] [id=31596]
  0x000002657fa92800 ConcurrentGCThread "G1 Young RemSet Sampling" [stack: 0x0000009d17600000,0x0000009d17700000] [id=26164]

Threads with active compile tasks:

VM state:at safepoint (normal execution)

VM Mutex/Monitor currently owned by a thread:  ([mutex/lock_event])
[0x000002657ddba3f0] Threads_lock - owner thread: 0x000002657fc49800
[0x000002657ddba750] Heap_lock - owner thread: 0x000002657ddbd000

Heap address: 0x0000000082600000, size: 2010 MB, Compressed Oops mode: 32-bit
Narrow klass base: 0x0000000000000000, Narrow klass shift: 3
Compressed class space size: 1073741824 Address: 0x0000000100000000

Heap:
 garbage-first heap   total 129024K, used 2734K [0x0000000082600000, 0x0000000100000000)
  region size 1024K, 3 young (3072K), 3 survivors (3072K)
 Metaspace       used 8876K, capacity 8982K, committed 9088K, reserved 1071104K
  class space    used 787K, capacity 844K, committed 896K, reserved 1048576K
Heap Regions: E=young(eden), S=young(survivor), O=old, HS=humongous(starts), HC=humongous(continues), CS=collection set, F=free, A=archive, TAMS=top-at-mark-start (previous, next)
|   0|0x0000000082600000, 0x0000000082600000, 0x0000000082700000|  0%| F|  |TAMS 0x0000000082600000, 0x0000000082600000| Untracked 
|   1|0x0000000082700000, 0x0000000082700000, 0x0000000082800000|  0%| F|  |TAMS 0x0000000082700000, 0x0000000082700000| Untracked 
|   2|0x0000000082800000, 0x0000000082800000, 0x0000000082900000|  0%| F|  |TAMS 0x0000000082800000, 0x0000000082800000| Untracked 
|   3|0x0000000082900000, 0x0000000082900000, 0x0000000082a00000|  0%| F|  |TAMS 0x0000000082900000, 0x0000000082900000| Untracked 
|   4|0x0000000082a00000, 0x0000000082a00000, 0x0000000082b00000|  0%| F|  |TAMS 0x0000000082a00000, 0x0000000082a00000| Untracked 
|   5|0x0000000082b00000, 0x0000000082b00000, 0x0000000082c00000|  0%| F|  |TAMS 0x0000000082b00000, 0x0000000082b00000| Untracked 
|   6|0x0000000082c00000, 0x0000000082c00000, 0x0000000082d00000|  0%| F|  |TAMS 0x0000000082c00000, 0x0000000082c00000| Untracked 
|   7|0x0000000082d00000, 0x0000000082d00000, 0x0000000082e00000|  0%| F|  |TAMS 0x0000000082d00000, 0x0000000082d00000| Untracked 
|   8|0x0000000082e00000, 0x0000000082e00000, 0x0000000082f00000|  0%| F|  |TAMS 0x0000000082e00000, 0x0000000082e00000| Untracked 
|   9|0x0000000082f00000, 0x0000000082f00000, 0x0000000083000000|  0%| F|  |TAMS 0x0000000082f00000, 0x0000000082f00000| Untracked 
|  10|0x0000000083000000, 0x0000000083000000, 0x0000000083100000|  0%| F|  |TAMS 0x0000000083000000, 0x0000000083000000| Untracked 
|  11|0x0000000083100000, 0x0000000083100000, 0x0000000083200000|  0%| F|  |TAMS 0x0000000083100000, 0x0000000083100000| Untracked 
|  12|0x0000000083200000, 0x0000000083200000, 0x0000000083300000|  0%| F|  |TAMS 0x0000000083200000, 0x0000000083200000| Untracked 
|  13|0x0000000083300000, 0x0000000083300000, 0x0000000083400000|  0%| F|  |TAMS 0x0000000083300000, 0x0000000083300000| Untracked 
|  14|0x0000000083400000, 0x0000000083400000, 0x0000000083500000|  0%| F|  |TAMS 0x0000000083400000, 0x0000000083400000| Untracked 
|  15|0x0000000083500000, 0x0000000083500000, 0x0000000083600000|  0%| F|  |TAMS 0x0000000083500000, 0x0000000083500000| Untracked 
|  16|0x0000000083600000, 0x0000000083600000, 0x0000000083700000|  0%| F|  |TAMS 0x0000000083600000, 0x0000000083600000| Untracked 
|  17|0x0000000083700000, 0x0000000083700000, 0x0000000083800000|  0%| F|  |TAMS 0x0000000083700000, 0x0000000083700000| Untracked 
|  18|0x0000000083800000, 0x0000000083800000, 0x0000000083900000|  0%| F|  |TAMS 0x0000000083800000, 0x0000000083800000| Untracked 
|  19|0x0000000083900000, 0x0000000083900000, 0x0000000083a00000|  0%| F|  |TAMS 0x0000000083900000, 0x0000000083900000| Untracked 
|  20|0x0000000083a00000, 0x0000000083a00000, 0x0000000083b00000|  0%| F|  |TAMS 0x0000000083a00000, 0x0000000083a00000| Untracked 
|  21|0x0000000083b00000, 0x0000000083b00000, 0x0000000083c00000|  0%| F|  |TAMS 0x0000000083b00000, 0x0000000083b00000| Untracked 
|  22|0x0000000083c00000, 0x0000000083c00000, 0x0000000083d00000|  0%| F|  |TAMS 0x0000000083c00000, 0x0000000083c00000| Untracked 
|  23|0x0000000083d00000, 0x0000000083d00000, 0x0000000083e00000|  0%| F|  |TAMS 0x0000000083d00000, 0x0000000083d00000| Untracked 
|  24|0x0000000083e00000, 0x0000000083e00000, 0x0000000083f00000|  0%| F|  |TAMS 0x0000000083e00000, 0x0000000083e00000| Untracked 
|  25|0x0000000083f00000, 0x0000000083f00000, 0x0000000084000000|  0%| F|  |TAMS 0x0000000083f00000, 0x0000000083f00000| Untracked 
|  26|0x0000000084000000, 0x0000000084000000, 0x0000000084100000|  0%| F|  |TAMS 0x0000000084000000, 0x0000000084000000| Untracked 
|  27|0x0000000084100000, 0x0000000084100000, 0x0000000084200000|  0%| F|  |TAMS 0x0000000084100000, 0x0000000084100000| Untracked 
|  28|0x0000000084200000, 0x0000000084200000, 0x0000000084300000|  0%| F|  |TAMS 0x0000000084200000, 0x0000000084200000| Untracked 
|  29|0x0000000084300000, 0x0000000084300000, 0x0000000084400000|  0%| F|  |TAMS 0x0000000084300000, 0x0000000084300000| Untracked 
|  30|0x0000000084400000, 0x0000000084400000, 0x0000000084500000|  0%| F|  |TAMS 0x0000000084400000, 0x0000000084400000| Untracked 
|  31|0x0000000084500000, 0x0000000084500000, 0x0000000084600000|  0%| F|  |TAMS 0x0000000084500000, 0x0000000084500000| Untracked 
|  32|0x0000000084600000, 0x0000000084600000, 0x0000000084700000|  0%| F|  |TAMS 0x0000000084600000, 0x0000000084600000| Untracked 
|  33|0x0000000084700000, 0x0000000084700000, 0x0000000084800000|  0%| F|  |TAMS 0x0000000084700000, 0x0000000084700000| Untracked 
|  34|0x0000000084800000, 0x0000000084800000, 0x0000000084900000|  0%| F|  |TAMS 0x0000000084800000, 0x0000000084800000| Untracked 
|  35|0x0000000084900000, 0x0000000084900000, 0x0000000084a00000|  0%| F|  |TAMS 0x0000000084900000, 0x0000000084900000| Untracked 
|  36|0x0000000084a00000, 0x0000000084a00000, 0x0000000084b00000|  0%| F|  |TAMS 0x0000000084a00000, 0x0000000084a00000| Untracked 
|  37|0x0000000084b00000, 0x0000000084b00000, 0x0000000084c00000|  0%| F|  |TAMS 0x0000000084b00000, 0x0000000084b00000| Untracked 
|  38|0x0000000084c00000, 0x0000000084c00000, 0x0000000084d00000|  0%| F|  |TAMS 0x0000000084c00000, 0x0000000084c00000| Untracked 
|  39|0x0000000084d00000, 0x0000000084d00000, 0x0000000084e00000|  0%| F|  |TAMS 0x0000000084d00000, 0x0000000084d00000| Untracked 
|  40|0x0000000084e00000, 0x0000000084e00000, 0x0000000084f00000|  0%| F|  |TAMS 0x0000000084e00000, 0x0000000084e00000| Untracked 
|  41|0x0000000084f00000, 0x0000000084f00000, 0x0000000085000000|  0%| F|  |TAMS 0x0000000084f00000, 0x0000000084f00000| Untracked 
|  42|0x0000000085000000, 0x0000000085000000, 0x0000000085100000|  0%| F|  |TAMS 0x0000000085000000, 0x0000000085000000| Untracked 
|  43|0x0000000085100000, 0x0000000085100000, 0x0000000085200000|  0%| F|  |TAMS 0x0000000085100000, 0x0000000085100000| Untracked 
|  44|0x0000000085200000, 0x0000000085200000, 0x0000000085300000|  0%| F|  |TAMS 0x0000000085200000, 0x0000000085200000| Untracked 
|  45|0x0000000085300000, 0x0000000085300000, 0x0000000085400000|  0%| F|  |TAMS 0x0000000085300000, 0x0000000085300000| Untracked 
|  46|0x0000000085400000, 0x0000000085400000, 0x0000000085500000|  0%| F|  |TAMS 0x0000000085400000, 0x0000000085400000| Untracked 
|  47|0x0000000085500000, 0x0000000085500000, 0x0000000085600000|  0%| F|  |TAMS 0x0000000085500000, 0x0000000085500000| Untracked 
|  48|0x0000000085600000, 0x0000000085600000, 0x0000000085700000|  0%| F|  |TAMS 0x0000000085600000, 0x0000000085600000| Untracked 
|  49|0x0000000085700000, 0x0000000085700000, 0x0000000085800000|  0%| F|  |TAMS 0x0000000085700000, 0x0000000085700000| Untracked 
|  50|0x0000000085800000, 0x0000000085800000, 0x0000000085900000|  0%| F|  |TAMS 0x0000000085800000, 0x0000000085800000| Untracked 
|  51|0x0000000085900000, 0x0000000085900000, 0x0000000085a00000|  0%| F|  |TAMS 0x0000000085900000, 0x0000000085900000| Untracked 
|  52|0x0000000085a00000, 0x0000000085a00000, 0x0000000085b00000|  0%| F|  |TAMS 0x0000000085a00000, 0x0000000085a00000| Untracked 
|  53|0x0000000085b00000, 0x0000000085b00000, 0x0000000085c00000|  0%| F|  |TAMS 0x0000000085b00000, 0x0000000085b00000| Untracked 
|  54|0x0000000085c00000, 0x0000000085c00000, 0x0000000085d00000|  0%| F|  |TAMS 0x0000000085c00000, 0x0000000085c00000| Untracked 
|  55|0x0000000085d00000, 0x0000000085d00000, 0x0000000085e00000|  0%| F|  |TAMS 0x0000000085d00000, 0x0000000085d00000| Untracked 
|  56|0x0000000085e00000, 0x0000000085e00000, 0x0000000085f00000|  0%| F|  |TAMS 0x0000000085e00000, 0x0000000085e00000| Untracked 
|  57|0x0000000085f00000, 0x0000000085f00000, 0x0000000086000000|  0%| F|  |TAMS 0x0000000085f00000, 0x0000000085f00000| Untracked 
|  58|0x0000000086000000, 0x0000000086000000, 0x0000000086100000|  0%| F|  |TAMS 0x0000000086000000, 0x0000000086000000| Untracked 
|  59|0x0000000086100000, 0x0000000086100000, 0x0000000086200000|  0%| F|  |TAMS 0x0000000086100000, 0x0000000086100000| Untracked 
|  60|0x0000000086200000, 0x0000000086200000, 0x0000000086300000|  0%| F|  |TAMS 0x0000000086200000, 0x0000000086200000| Untracked 
|  61|0x0000000086300000, 0x0000000086300000, 0x0000000086400000|  0%| F|  |TAMS 0x0000000086300000, 0x0000000086300000| Untracked 
|  62|0x0000000086400000, 0x0000000086400000, 0x0000000086500000|  0%| F|  |TAMS 0x0000000086400000, 0x0000000086400000| Untracked 
|  63|0x0000000086500000, 0x0000000086500000, 0x0000000086600000|  0%| F|  |TAMS 0x0000000086500000, 0x0000000086500000| Untracked 
|  64|0x0000000086600000, 0x0000000086600000, 0x0000000086700000|  0%| F|  |TAMS 0x0000000086600000, 0x0000000086600000| Untracked 
|  65|0x0000000086700000, 0x0000000086700000, 0x0000000086800000|  0%| F|  |TAMS 0x0000000086700000, 0x0000000086700000| Untracked 
|  66|0x0000000086800000, 0x0000000086800000, 0x0000000086900000|  0%| F|  |TAMS 0x0000000086800000, 0x0000000086800000| Untracked 
|  67|0x0000000086900000, 0x0000000086900000, 0x0000000086a00000|  0%| F|  |TAMS 0x0000000086900000, 0x0000000086900000| Untracked 
|  68|0x0000000086a00000, 0x0000000086a00000, 0x0000000086b00000|  0%| F|  |TAMS 0x0000000086a00000, 0x0000000086a00000| Untracked 
|  69|0x0000000086b00000, 0x0000000086b00000, 0x0000000086c00000|  0%| F|  |TAMS 0x0000000086b00000, 0x0000000086b00000| Untracked 
|  70|0x0000000086c00000, 0x0000000086c00000, 0x0000000086d00000|  0%| F|  |TAMS 0x0000000086c00000, 0x0000000086c00000| Untracked 
|  71|0x0000000086d00000, 0x0000000086d00000, 0x0000000086e00000|  0%| F|  |TAMS 0x0000000086d00000, 0x0000000086d00000| Untracked 
|  72|0x0000000086e00000, 0x0000000086e00000, 0x0000000086f00000|  0%| F|  |TAMS 0x0000000086e00000, 0x0000000086e00000| Untracked 
|  73|0x0000000086f00000, 0x0000000086f00000, 0x0000000087000000|  0%| F|  |TAMS 0x0000000086f00000, 0x0000000086f00000| Untracked 
|  74|0x0000000087000000, 0x0000000087000000, 0x0000000087100000|  0%| F|  |TAMS 0x0000000087000000, 0x0000000087000000| Untracked 
|  75|0x0000000087100000, 0x0000000087100000, 0x0000000087200000|  0%| F|  |TAMS 0x0000000087100000, 0x0000000087100000| Untracked 
|  76|0x0000000087200000, 0x0000000087200000, 0x0000000087300000|  0%| F|  |TAMS 0x0000000087200000, 0x0000000087200000| Untracked 
|  77|0x0000000087300000, 0x0000000087300000, 0x0000000087400000|  0%| F|  |TAMS 0x0000000087300000, 0x0000000087300000| Untracked 
|  78|0x0000000087400000, 0x0000000087400000, 0x0000000087500000|  0%| F|  |TAMS 0x0000000087400000, 0x0000000087400000| Untracked 
|  79|0x0000000087500000, 0x0000000087500000, 0x0000000087600000|  0%| F|  |TAMS 0x0000000087500000, 0x0000000087500000| Untracked 
|  80|0x0000000087600000, 0x0000000087600000, 0x0000000087700000|  0%| F|  |TAMS 0x0000000087600000, 0x0000000087600000| Untracked 
|  81|0x0000000087700000, 0x0000000087700000, 0x0000000087800000|  0%| F|  |TAMS 0x0000000087700000, 0x0000000087700000| Untracked 
|  82|0x0000000087800000, 0x0000000087800000, 0x0000000087900000|  0%| F|  |TAMS 0x0000000087800000, 0x0000000087800000| Untracked 
|  83|0x0000000087900000, 0x0000000087900000, 0x0000000087a00000|  0%| F|  |TAMS 0x0000000087900000, 0x0000000087900000| Untracked 
|  84|0x0000000087a00000, 0x0000000087a00000, 0x0000000087b00000|  0%| F|  |TAMS 0x0000000087a00000, 0x0000000087a00000| Untracked 
|  85|0x0000000087b00000, 0x0000000087b00000, 0x0000000087c00000|  0%| F|  |TAMS 0x0000000087b00000, 0x0000000087b00000| Untracked 
|  86|0x0000000087c00000, 0x0000000087c00000, 0x0000000087d00000|  0%| F|  |TAMS 0x0000000087c00000, 0x0000000087c00000| Untracked 
|  87|0x0000000087d00000, 0x0000000087d00000, 0x0000000087e00000|  0%| F|  |TAMS 0x0000000087d00000, 0x0000000087d00000| Untracked 
|  88|0x0000000087e00000, 0x0000000087e00000, 0x0000000087f00000|  0%| F|  |TAMS 0x0000000087e00000, 0x0000000087e00000| Untracked 
|  89|0x0000000087f00000, 0x0000000087f00000, 0x0000000088000000|  0%| F|  |TAMS 0x0000000087f00000, 0x0000000087f00000| Untracked 
|  90|0x0000000088000000, 0x0000000088000000, 0x0000000088100000|  0%| F|  |TAMS 0x0000000088000000, 0x0000000088000000| Untracked 
|  91|0x0000000088100000, 0x0000000088100000, 0x0000000088200000|  0%| F|  |TAMS 0x0000000088100000, 0x0000000088100000| Untracked 
|  92|0x0000000088200000, 0x0000000088200000, 0x0000000088300000|  0%| F|  |TAMS 0x0000000088200000, 0x0000000088200000| Untracked 
|  93|0x0000000088300000, 0x0000000088300000, 0x0000000088400000|  0%| F|  |TAMS 0x0000000088300000, 0x0000000088300000| Untracked 
|  94|0x0000000088400000, 0x0000000088400000, 0x0000000088500000|  0%| F|  |TAMS 0x0000000088400000, 0x0000000088400000| Untracked 
|  95|0x0000000088500000, 0x0000000088500000, 0x0000000088600000|  0%| F|  |TAMS 0x0000000088500000, 0x0000000088500000| Untracked 
|  96|0x0000000088600000, 0x0000000088600000, 0x0000000088700000|  0%| F|  |TAMS 0x0000000088600000, 0x0000000088600000| Untracked 
|  97|0x0000000088700000, 0x0000000088700000, 0x0000000088800000|  0%| F|  |TAMS 0x0000000088700000, 0x0000000088700000| Untracked 
|  98|0x0000000088800000, 0x0000000088800000, 0x0000000088900000|  0%| F|  |TAMS 0x0000000088800000, 0x0000000088800000| Untracked 
|  99|0x0000000088900000, 0x0000000088900000, 0x0000000088a00000|  0%| F|  |TAMS 0x0000000088900000, 0x0000000088900000| Untracked 
| 100|0x0000000088a00000, 0x0000000088a00000, 0x0000000088b00000|  0%| F|  |TAMS 0x0000000088a00000, 0x0000000088a00000| Untracked 
| 101|0x0000000088b00000, 0x0000000088b00000, 0x0000000088c00000|  0%| F|  |TAMS 0x0000000088b00000, 0x0000000088b00000| Untracked 
| 102|0x0000000088c00000, 0x0000000088c00000, 0x0000000088d00000|  0%| F|  |TAMS 0x0000000088c00000, 0x0000000088c00000| Untracked 
| 103|0x0000000088d00000, 0x0000000088d00000, 0x0000000088e00000|  0%| F|  |TAMS 0x0000000088d00000, 0x0000000088d00000| Untracked 
| 104|0x0000000088e00000, 0x0000000088e00000, 0x0000000088f00000|  0%| F|  |TAMS 0x0000000088e00000, 0x0000000088e00000| Untracked 
| 105|0x0000000088f00000, 0x0000000088f00000, 0x0000000089000000|  0%| F|  |TAMS 0x0000000088f00000, 0x0000000088f00000| Untracked 
| 106|0x0000000089000000, 0x0000000089000000, 0x0000000089100000|  0%| F|  |TAMS 0x0000000089000000, 0x0000000089000000| Untracked 
| 107|0x0000000089100000, 0x0000000089100000, 0x0000000089200000|  0%| F|  |TAMS 0x0000000089100000, 0x0000000089100000| Untracked 
| 108|0x0000000089200000, 0x0000000089200000, 0x0000000089300000|  0%| F|  |TAMS 0x0000000089200000, 0x0000000089200000| Untracked 
| 109|0x0000000089300000, 0x0000000089300000, 0x0000000089400000|  0%| F|  |TAMS 0x0000000089300000, 0x0000000089300000| Untracked 
| 110|0x0000000089400000, 0x0000000089400000, 0x0000000089500000|  0%| F|  |TAMS 0x0000000089400000, 0x0000000089400000| Untracked 
| 111|0x0000000089500000, 0x0000000089500000, 0x0000000089600000|  0%| F|  |TAMS 0x0000000089500000, 0x0000000089500000| Untracked 
| 112|0x0000000089600000, 0x0000000089600000, 0x0000000089700000|  0%| F|  |TAMS 0x0000000089600000, 0x0000000089600000| Untracked 
| 113|0x0000000089700000, 0x0000000089700000, 0x0000000089800000|  0%| F|  |TAMS 0x0000000089700000, 0x0000000089700000| Untracked 
| 114|0x0000000089800000, 0x00000000898abae8, 0x0000000089900000| 67%| S|CS|TAMS 0x0000000089800000, 0x0000000089800000| Complete 
| 115|0x0000000089900000, 0x0000000089a00000, 0x0000000089a00000|100%| S|CS|TAMS 0x0000000089900000, 0x0000000089900000| Complete 
| 116|0x0000000089a00000, 0x0000000089b00000, 0x0000000089b00000|100%| S|CS|TAMS 0x0000000089a00000, 0x0000000089a00000| Complete 
| 117|0x0000000089b00000, 0x0000000089b00000, 0x0000000089c00000|  0%| F|  |TAMS 0x0000000089b00000, 0x0000000089b00000| Untracked 
| 118|0x0000000089c00000, 0x0000000089c00000, 0x0000000089d00000|  0%| F|  |TAMS 0x0000000089c00000, 0x0000000089c00000| Untracked 
| 119|0x0000000089d00000, 0x0000000089d00000, 0x0000000089e00000|  0%| F|  |TAMS 0x0000000089d00000, 0x0000000089d00000| Untracked 
| 120|0x0000000089e00000, 0x0000000089e00000, 0x0000000089f00000|  0%| F|  |TAMS 0x0000000089e00000, 0x0000000089e00000| Untracked 
| 121|0x0000000089f00000, 0x0000000089f00000, 0x000000008a000000|  0%| F|  |TAMS 0x0000000089f00000, 0x0000000089f00000| Untracked 
| 122|0x000000008a000000, 0x000000008a000000, 0x000000008a100000|  0%| F|  |TAMS 0x000000008a000000, 0x000000008a000000| Untracked 
| 123|0x000000008a100000, 0x000000008a100000, 0x000000008a200000|  0%| F|  |TAMS 0x000000008a100000, 0x000000008a100000| Untracked 
| 124|0x000000008a200000, 0x000000008a200000, 0x000000008a300000|  0%| F|  |TAMS 0x000000008a200000, 0x000000008a200000| Untracked 
| 125|0x000000008a300000, 0x000000008a300000, 0x000000008a400000|  0%| F|  |TAMS 0x000000008a300000, 0x000000008a300000| Untracked 

Card table byte_map: [0x000002657e7e0000,0x000002657ebd0000] _byte_map_base: 0x000002657e3cd000

Marking Bits (Prev, Next): (CMBitMap*) 0x000002657ddfe4e8, (CMBitMap*) 0x000002657ddfe520
 Prev Bits: [0x0000026517580000, 0x00000265194e8000)
 Next Bits: [0x00000265194f0000, 0x000002651b458000)

Polling page: 0x000002657bac0000

Metaspace:

Usage:
  Non-class:      7.95 MB capacity,     7.90 MB (>99%) used,    41.53 KB ( <1%) free+waste,     6.69 KB ( <1%) overhead. 
      Class:    844.00 KB capacity,   787.16 KB ( 93%) used,    54.03 KB (  6%) free+waste,     2.81 KB ( <1%) overhead. 
       Both:      8.77 MB capacity,     8.67 MB ( 99%) used,    95.56 KB (  1%) free+waste,     9.50 KB ( <1%) overhead. 

Virtual space:
  Non-class space:       22.00 MB reserved,       8.00 MB ( 36%) committed 
      Class space:        1.00 GB reserved,     896.00 KB ( <1%) committed 
             Both:        1.02 GB reserved,       8.88 MB ( <1%) committed 

Chunk freelists:
   Non-Class:  54.00 KB
       Class:  20.00 KB
        Both:  74.00 KB

MaxMetaspaceSize: 17179869184.00 GB
CompressedClassSpaceSize: 1.00 GB

CodeHeap 'non-profiled nmethods': size=120000Kb used=164Kb max_used=164Kb free=119835Kb
 bounds [0x0000026510050000, 0x00000265102c0000, 0x0000026517580000]
CodeHeap 'profiled nmethods': size=120000Kb used=1020Kb max_used=1020Kb free=118979Kb
 bounds [0x0000026508b20000, 0x0000026508d90000, 0x0000026510050000]
CodeHeap 'non-nmethods': size=5760Kb used=1067Kb max_used=1075Kb free=4692Kb
 bounds [0x0000026508580000, 0x00000265087f0000, 0x0000026508b20000]
 total_blobs=1345 nmethods=559 adapters=275
 compilation: enabled
              stopped_count=0, restarted_count=0
 full_count=0

Compilation events (20 events):
Event: 0.304 Thread 0x000002651dc6e800 nmethod 549 0x0000026508c1bd10 code [0x0000026508c1bee0, 0x0000026508c1c1b0]
Event: 0.304 Thread 0x000002651dc6e800  551       3       java.util.Locale::hasExtensions (13 bytes)
Event: 0.304 Thread 0x000002651dc6e800 nmethod 551 0x0000026508c1c290 code [0x0000026508c1c440, 0x0000026508c1c5f8]
Event: 0.304 Thread 0x000002651dc6e800  552       3       java.util.Locale::stripExtensions (20 bytes)
Event: 0.305 Thread 0x000002651dc6e800 nmethod 552 0x0000026508c1c690 code [0x0000026508c1c860, 0x0000026508c1cb30]
Event: 0.305 Thread 0x000002651dc6e800  553       3       java.util.Locale::equals (75 bytes)
Event: 0.305 Thread 0x000002651dc6e800 nmethod 553 0x0000026508c1cc10 code [0x0000026508c1ce20, 0x0000026508c1d560]
Event: 0.305 Thread 0x000002651dc6e800  555       3       jdk.internal.org.objectweb.asm.ClassWriter::newUTF8 (70 bytes)
Event: 0.305 Thread 0x000002651dc6e800 nmethod 555 0x0000026508c1d710 code [0x0000026508c1d920, 0x0000026508c1dd00]
Event: 0.305 Thread 0x000002651dc6e800  556       3       java.lang.invoke.MemberName::testAllFlags (7 bytes)
Event: 0.305 Thread 0x000002651dc6e800 nmethod 556 0x0000026508c1df10 code [0x0000026508c1e0c0, 0x0000026508c1e2d8]
Event: 0.305 Thread 0x000002651dc6e800  554       1       sun.invoke.util.Wrapper::basicTypeChar (5 bytes)
Event: 0.305 Thread 0x000002651dc6e800 nmethod 554 0x0000026510078690 code [0x0000026510078840, 0x0000026510078958]
Event: 0.306 Thread 0x000002651dc6e800  557       3       java.util.ArrayList$Itr::hasNext (20 bytes)
Event: 0.306 Thread 0x000002651dc6e800 nmethod 557 0x0000026508c1e390 code [0x0000026508c1e540, 0x0000026508c1e718]
Event: 0.306 Thread 0x000002651dc6e800  558       3       jdk.internal.org.objectweb.asm.ByteVector::put12 (64 bytes)
Event: 0.306 Thread 0x000002651dc6e800 nmethod 558 0x0000026508c1e810 code [0x0000026508c1e9e0, 0x0000026508c1ec70]
Event: 0.307 Thread 0x000002651dc6a800 nmethod 550 0x0000026510078a10 code [0x0000026510078bc0, 0x0000026510079098]
Event: 0.307 Thread 0x000002651dc6e800  559       3       java.util.Arrays::copyOf (10 bytes)
Event: 0.307 Thread 0x000002651dc6e800 nmethod 559 0x0000026508c1ee10 code [0x0000026508c1efc0, 0x0000026508c1f150]

GC Heap History (2 events):
Event: 0.311 GC heap before
{Heap before GC invocations=0 (full 0):
 garbage-first heap   total 129024K, used 7168K [0x0000000082600000, 0x0000000100000000)
  region size 1024K, 9 young (9216K), 0 survivors (0K)
 Metaspace       used 8876K, capacity 8982K, committed 9088K, reserved 1069056K
  class space    used 787K, capacity 844K, committed 896K, reserved 1048576K
}
Event: 0.314 GC heap after
{Heap after GC invocations=1 (full 0):
 garbage-first heap   total 129024K, used 2734K [0x0000000082600000, 0x0000000100000000)
  region size 1024K, 3 young (3072K), 3 survivors (3072K)
 Metaspace       used 8876K, capacity 8982K, committed 9088K, reserved 1069056K
  class space    used 787K, capacity 844K, committed 896K, reserved 1048576K
}

Deoptimization events (20 events):
Event: 0.108 Thread 0x000002657ddbd000 DEOPT PACKING pc=0x0000026510054afc sp=0x0000009d171fd8f0
Event: 0.108 Thread 0x000002657ddbd000 DEOPT UNPACKING pc=0x00000265085a8f2f sp=0x0000009d171fd888 mode 2
Event: 0.173 Thread 0x000002657ddbd000 Uncommon trap: trap_request=0xffffff4d fr.pc=0x000002651005d800 relative=0x0000000000000060
Event: 0.173 Thread 0x000002657ddbd000 Uncommon trap: reason=unstable_if action=reinterpret pc=0x000002651005d800 method=java.io.WinNTFileSystem.isSlash(C)Z @ 9 c2
Event: 0.173 Thread 0x000002657ddbd000 DEOPT PACKING pc=0x000002651005d800 sp=0x0000009d171fe630
Event: 0.173 Thread 0x000002657ddbd000 DEOPT UNPACKING pc=0x00000265085a8f2f sp=0x0000009d171fe5b8 mode 2
Event: 0.206 Thread 0x000002657ddbd000 DEOPT PACKING pc=0x0000026508b6c4b8 sp=0x0000009d171fb540
Event: 0.206 Thread 0x000002657ddbd000 DEOPT UNPACKING pc=0x00000265085a8d4e sp=0x0000009d171fa998 mode 0
Event: 0.227 Thread 0x000002657ddbd000 DEOPT PACKING pc=0x0000026508b5f970 sp=0x0000009d171fb8a0
Event: 0.227 Thread 0x000002657ddbd000 DEOPT UNPACKING pc=0x00000265085a8d4e sp=0x0000009d171fad28 mode 0
Event: 0.234 Thread 0x000002657ddbd000 DEOPT PACKING pc=0x0000026508b7fd22 sp=0x0000009d171fb120
Event: 0.234 Thread 0x000002657ddbd000 DEOPT UNPACKING pc=0x00000265085a8d4e sp=0x0000009d171fa588 mode 0
Event: 0.307 Thread 0x000002657ddbd000 Uncommon trap: trap_request=0xffffff4d fr.pc=0x0000026510059f30 relative=0x00000000000003f0
Event: 0.307 Thread 0x000002657ddbd000 Uncommon trap: reason=unstable_if action=reinterpret pc=0x0000026510059f30 method=java.lang.StringLatin1.canEncode(I)Z @ 4 c2
Event: 0.307 Thread 0x000002657ddbd000 DEOPT PACKING pc=0x0000026510059f30 sp=0x0000009d171fdea0
Event: 0.307 Thread 0x000002657ddbd000 DEOPT UNPACKING pc=0x00000265085a8f2f sp=0x0000009d171fddb8 mode 2
Event: 0.307 Thread 0x000002657ddbd000 Uncommon trap: trap_request=0xffffff4d fr.pc=0x000002651005a808 relative=0x00000000000003c8
Event: 0.307 Thread 0x000002657ddbd000 Uncommon trap: reason=unstable_if action=reinterpret pc=0x000002651005a808 method=java.lang.AbstractStringBuilder.isLatin1()Z @ 10 c2
Event: 0.307 Thread 0x000002657ddbd000 DEOPT PACKING pc=0x000002651005a808 sp=0x0000009d171fdea0
Event: 0.307 Thread 0x000002657ddbd000 DEOPT UNPACKING pc=0x00000265085a8f2f sp=0x0000009d171fde20 mode 2

Classes redefined (0 events):
No events

Internal exceptions (1 events):
Event: 0.186 Thread 0x000002657ddbd000 Exception <a 'java/lang/NoSuchMethodError'{0x000000008a0589b8}: 'int java.lang.invoke.DirectMethodHandle$Holder.invokeSpecialIFC(java.lang.Object, java.lang.Object, int)'> (0x000000008a0589b8) thrown at [c:/cygwin64/tmp/openjdk-jdk11u-windows-x64-hotspot/

Events (20 events):
Event: 0.307 loading class sun/text/resources/cldr/FormatData_en_US
Event: 0.307 loading class sun/text/resources/cldr/FormatData_en_US done
Event: 0.307 loading class java/text/NumberFormat
Event: 0.307 loading class java/text/NumberFormat done
Event: 0.308 loading class sun/util/locale/provider/NumberFormatProviderImpl
Event: 0.308 loading class sun/util/locale/provider/NumberFormatProviderImpl done
Event: 0.308 loading class java/text/DecimalFormatSymbols
Event: 0.308 loading class java/text/DecimalFormatSymbols done
Event: 0.309 loading class sun/util/locale/provider/DecimalFormatSymbolsProviderImpl
Event: 0.309 loading class sun/util/locale/provider/DecimalFormatSymbolsProviderImpl done
Event: 0.309 loading class java/text/DecimalFormat
Event: 0.309 loading class java/text/DecimalFormat done
Event: 0.309 loading class java/text/FieldPosition
Event: 0.309 loading class java/text/FieldPosition done
Event: 0.309 loading class java/text/DigitList
Event: 0.309 loading class java/text/DigitList done
Event: 0.310 loading class java/math/RoundingMode
Event: 0.310 loading class java/math/RoundingMode done
Event: 0.310 loading class java/util/Date
Event: 0.310 Executing VM operation: CollectForMetadataAllocation


Dynamic libraries:
0x00007ff7002a0000 - 0x00007ff7002ad000 	C:\Users\Media\AppData\Local\Programs\AdoptOpenJDK\bin\java.exe
0x00007fffb4af0000 - 0x00007fffb4ce5000 	C:\WINDOWS\SYSTEM32\ntdll.dll
0x00007fffb49f0000 - 0x00007fffb4aad000 	C:\WINDOWS\System32\KERNEL32.DLL
0x00007fffb2720000 - 0x00007fffb29e9000 	C:\WINDOWS\System32\KERNELBASE.dll
0x00007fffb2550000 - 0x00007fffb2650000 	C:\WINDOWS\System32\ucrtbase.dll
0x00007fffad210000 - 0x00007fffad227000 	C:\Users\Media\AppData\Local\Programs\AdoptOpenJDK\bin\jli.dll
0x00007fffafad0000 - 0x00007fffafae6000 	C:\Users\Media\AppData\Local\Programs\AdoptOpenJDK\bin\VCRUNTIME140.dll
0x00007fffb43f0000 - 0x00007fffb4590000 	C:\WINDOWS\System32\USER32.dll
0x00007fffb2230000 - 0x00007fffb2252000 	C:\WINDOWS\System32\win32u.dll
0x00007fff984d0000 - 0x00007fff9876a000 	C:\WINDOWS\WinSxS\amd64_microsoft.windows.common-controls_6595b64144ccf1df_6.0.19041.844_none_ca00b6081b84eb1d\COMCTL32.dll
0x00007fffb3e40000 - 0x00007fffb3e6a000 	C:\WINDOWS\System32\GDI32.dll
0x00007fffb3e70000 - 0x00007fffb3f0e000 	C:\WINDOWS\System32\msvcrt.dll
0x00007fffb2260000 - 0x00007fffb236b000 	C:\WINDOWS\System32\gdi32full.dll
0x00007fffb2680000 - 0x00007fffb271d000 	C:\WINDOWS\System32\msvcp_win.dll
0x00007fffb40e0000 - 0x00007fffb4110000 	C:\WINDOWS\System32\IMM32.DLL
0x00007fffa2820000 - 0x00007fffa28bb000 	C:\Users\Media\AppData\Local\Programs\AdoptOpenJDK\bin\msvcp140.dll
0x00007fff5aa10000 - 0x00007fff5b4cc000 	C:\Users\Media\AppData\Local\Programs\AdoptOpenJDK\bin\server\jvm.dll
0x00007fffb3970000 - 0x00007fffb3a1c000 	C:\WINDOWS\System32\ADVAPI32.dll
0x00007fffb4040000 - 0x00007fffb40dc000 	C:\WINDOWS\System32\sechost.dll
0x00007fffb3f10000 - 0x00007fffb403b000 	C:\WINDOWS\System32\RPCRT4.dll
0x00007fffb4110000 - 0x00007fffb4118000 	C:\WINDOWS\System32\PSAPI.DLL
0x00007fff96e30000 - 0x00007fff96e39000 	C:\WINDOWS\SYSTEM32\WSOCK32.dll
0x00007fff9b1f0000 - 0x00007fff9b217000 	C:\WINDOWS\SYSTEM32\WINMM.dll
0x00007fffa7400000 - 0x00007fffa740a000 	C:\WINDOWS\SYSTEM32\VERSION.dll
0x00007fffb3d70000 - 0x00007fffb3ddb000 	C:\WINDOWS\System32\WS2_32.dll
0x00007fffb0b20000 - 0x00007fffb0b32000 	C:\WINDOWS\SYSTEM32\kernel.appcore.dll
0x00007fffafa50000 - 0x00007fffafa60000 	C:\Users\Media\AppData\Local\Programs\AdoptOpenJDK\bin\verify.dll
0x00007fff99490000 - 0x00007fff99674000 	C:\WINDOWS\SYSTEM32\DBGHELP.DLL
0x00007fff98860000 - 0x00007fff9888c000 	C:\WINDOWS\SYSTEM32\dbgcore.DLL
0x00007fffb24d0000 - 0x00007fffb2550000 	C:\WINDOWS\System32\bcryptPrimitives.dll
0x00007fffa9e50000 - 0x00007fffa9e78000 	C:\Users\Media\AppData\Local\Programs\AdoptOpenJDK\bin\java.dll
0x00007fffafa20000 - 0x00007fffafa37000 	C:\Users\Media\AppData\Local\Programs\AdoptOpenJDK\bin\zip.dll
0x00007fffadfc0000 - 0x00007fffadfca000 	C:\Users\Media\AppData\Local\Programs\AdoptOpenJDK\bin\jimage.dll
0x00007fffb30f0000 - 0x00007fffb3832000 	C:\WINDOWS\System32\SHELL32.dll
0x00007fffb0270000 - 0x00007fffb0a00000 	C:\WINDOWS\SYSTEM32\windows.storage.dll
0x00007fffb4690000 - 0x00007fffb49e5000 	C:\WINDOWS\System32\combase.dll
0x00007fffb1c80000 - 0x00007fffb1cac000 	C:\WINDOWS\SYSTEM32\Wldp.dll
0x00007fffb3040000 - 0x00007fffb30ee000 	C:\WINDOWS\System32\SHCORE.dll
0x00007fffb3de0000 - 0x00007fffb3e35000 	C:\WINDOWS\System32\shlwapi.dll
0x00007fffb2170000 - 0x00007fffb218f000 	C:\WINDOWS\SYSTEM32\profapi.dll
0x00007fffac570000 - 0x00007fffac589000 	C:\Users\Media\AppData\Local\Programs\AdoptOpenJDK\bin\net.dll
0x00007fffa76b0000 - 0x00007fffa77bc000 	C:\WINDOWS\SYSTEM32\WINHTTP.dll
0x00007fffb19c0000 - 0x00007fffb1a2a000 	C:\WINDOWS\system32\mswsock.dll
0x00007fffa9ff0000 - 0x00007fffaa002000 	C:\Users\Media\AppData\Local\Programs\AdoptOpenJDK\bin\nio.dll
0x00007fffa9e30000 - 0x00007fffa9e3a000 	C:\Program Files\NetBeans-12.1\netbeans\java\maven\lib\jansi-native\windows64\jansi.dll

dbghelp: loaded successfully - version: 4.0.5 - missing functions: none
symbol engine: initialized successfully - sym options: 0x614 - pdb path: .;C:\Users\Media\AppData\Local\Programs\AdoptOpenJDK\bin;C:\WINDOWS\SYSTEM32;C:\WINDOWS\WinSxS\amd64_microsoft.windows.common-controls_6595b64144ccf1df_6.0.19041.844_none_ca00b6081b84eb1d;C:\Users\Media\AppData\Local\Programs\AdoptOpenJDK\bin\server;C:\Program Files\NetBeans-12.1\netbeans\java\maven\lib\jansi-native\windows64

VM Arguments:
jvm_args: -Dclassworlds.conf=C:\Program Files\NetBeans-12.1\netbeans\java\maven\bin\..\bin\m2.conf -Dmaven.home=C:\Program Files\NetBeans-12.1\netbeans\java\maven\bin\.. -Dlibrary.jansi.path=C:\Program Files\NetBeans-12.1\netbeans\java\maven\bin\..\lib\jansi-native -Dmaven.multiModuleProjectDirectory=C:\Users\Media\Documents\NetBeansProjects\g55870.luckynumbers 
java_command: org.codehaus.plexus.classworlds.launcher.Launcher -Dexec.args=-classpath %classpath g55870.luckynumbers.LuckyNumbers.LuckyNumbers -Dexec.executable=C:\Users\Media\AppData\Local\Programs\AdoptOpenJDK\bin\java.exe -Dmaven.ext.class.path=C:\Program Files\NetBeans-12.1\netbeans\java\maven-nblib\netbeans-eventspy.jar -Dfile.encoding=UTF-8 process-classes org.codehaus.mojo:exec-maven-plugin:1.5.0:exec
java_class_path (initial): C:\Program Files\NetBeans-12.1\netbeans\java\maven\bin\..\boot\plexus-classworlds-2.6.0.jar
Launcher Type: SUN_STANDARD

[Global flags]
     intx CICompilerCount                          = 4                                         {product} {ergonomic}
     uint ConcGCThreads                            = 3                                         {product} {ergonomic}
     uint G1ConcRefinementThreads                  = 10                                        {product} {ergonomic}
   size_t G1HeapRegionSize                         = 1048576                                   {product} {ergonomic}
    uintx GCDrainStackTargetSize                   = 64                                        {product} {ergonomic}
   size_t InitialHeapSize                          = 132120576                                 {product} {ergonomic}
   size_t MarkStackSize                            = 4194304                                   {product} {ergonomic}
   size_t MaxHeapSize                              = 2107637760                                {product} {ergonomic}
   size_t MaxNewSize                               = 1264582656                                {product} {ergonomic}
   size_t MinHeapDeltaBytes                        = 1048576                                   {product} {ergonomic}
    uintx NonNMethodCodeHeapSize                   = 5836300                                {pd product} {ergonomic}
    uintx NonProfiledCodeHeapSize                  = 122910970                              {pd product} {ergonomic}
    uintx ProfiledCodeHeapSize                     = 122910970                              {pd product} {ergonomic}
    uintx ReservedCodeCacheSize                    = 251658240                              {pd product} {ergonomic}
     bool SegmentedCodeCache                       = true                                      {product} {ergonomic}
     bool UseCompressedClassPointers               = true                                 {lp64_product} {ergonomic}
     bool UseCompressedOops                        = true                                 {lp64_product} {ergonomic}
     bool UseG1GC                                  = true                                      {product} {ergonomic}
     bool UseLargePagesIndividualAllocation        = false                                  {pd product} {ergonomic}

Logging:
Log output configuration:
 #0: stdout all=warning uptime,level,tags
 #1: stderr all=off uptime,level,tags

Environment Variables:
JAVA_HOME=C:\Users\Media\AppData\Local\Programs\AdoptOpenJDK
PATH=D:\bin\;C:\ProgramData\Oracle\Java\javapath;C:\Program Files (x86)\Common Files\Oracle\Java\javapath;C:\Program Files (x86)\Intel\Intel(R) Management Engine Components\iCLS\;C:\Program Files\Intel\Intel(R) Management Engine Components\iCLS\;C:\Windows\system32;C:\Windows;C:\Windows\System32\Wbem;C:\Windows\System32\WindowsPowerShell\v1.0\;C:\Program Files (x86)\NVIDIA Corporation\PhysX\Common;C:\Program Files\Intel\WiFi\bin\;C:\Program Files\Common Files\Intel\WirelessCommon\;C:\Program Files (x86)\Intel\Intel(R) Management Engine Components\DAL;C:\Program Files\Intel\Intel(R) Management Engine Components\DAL;C:\Program Files (x86)\Intel\Intel(R) Management Engine Components\IPT;C:\Program Files\Intel\Intel(R) Management Engine Components\IPT;C:\WINDOWS\system32;C:\WINDOWS;C:\WINDOWS\System32\Wbem;C:\WINDOWS\System32\WindowsPowerShell\v1.0\;C:\WINDOWS\System32\OpenSSH\;C:\Program Files\NVIDIA Corporation\NVIDIA NvDLISR;%SystemRoot%\system32;%SystemRoot%;%SystemRoot%\System32\Wbem;%SYSTEMROOT%\System32\WindowsPowerShell\v1.0\;%SYSTEMROOT%\System32\OpenSSH\;C:\Users\Media\AppData\Local\Programs\AdoptOpenJDK\bin;C:\Users\Media\AppData\Local\Microsoft\WindowsApps;C:\Users\Media\AppData\Local\Programs\Microsoft VS Code\bin;
USERNAME=Media
OS=Windows_NT
PROCESSOR_IDENTIFIER=Intel64 Family 6 Model 158 Stepping 10, GenuineIntel



---------------  S Y S T E M  ---------------

OS: Windows 10 , 64 bit Build 19041 (10.0.19041.804)
HyperV virtualization detected

CPU:total 12 (initial active 12) (6 cores per cpu, 2 threads per core) family 6 model 158 stepping 10, cmov, cx8, fxsr, mmx, sse, sse2, sse3, ssse3, sse4.1, sse4.2, popcnt, avx, avx2, aes, clmul, erms, 3dnowpref, lzcnt, ht, tsc, tscinvbit, bmi1, bmi2, adx, fma

Memory: 4k page, system-wide physical 8038M (573M free)
TotalPageFile size 23135M (AvailPageFile size 3M)
current process WorkingSet (physical memory assigned to process): 57M, peak: 57M
current process commit charge ("private bytes"): 219M, peak: 220M

vm_info: OpenJDK 64-Bit Server VM (11.0.6+10) for windows-amd64 JRE (11.0.6+10), built on Jan 15 2020 06:14:58 by "" with MS VC++ 15.8 (VS2017)

END.
