#
# There is insufficient memory for the Java Runtime Environment to continue.
# Native memory allocation (malloc) failed to allocate 320496 bytes for Chunk::new
# Possible reasons:
#   The system is out of physical RAM or swap space
#   The process is running with CompressedOops enabled, and the Java Heap may be blocking the growth of the native heap
# Possible solutions:
#   Reduce memory load on the system
#   Increase physical memory or swap space
#   Check if swap backing store is full
#   Decrease Java heap size (-Xmx/-Xms)
#   Decrease number of Java threads
#   Decrease Java thread stack sizes (-Xss)
#   Set larger code cache with -XX:ReservedCodeCacheSize=
#   JVM is running with Unscaled Compressed Oops mode in which the Java heap is
#     placed in the first 4GB address space. The Java Heap base address is the
#     maximum limit for the native heap growth. Please use -XX:HeapBaseMinAddress
#     to set the Java Heap base and to place the Java Heap above 4GB virtual address.
# This output file may be truncated or incomplete.
#
#  Out of Memory Error (c:/cygwin64/tmp/openjdk-jdk11u-windows-x64-hotspot/workspace/build/src/src/hotspot/share/memory/arena.cpp:197), pid=13200, tid=13736
#
# JRE version: OpenJDK Runtime Environment (11.0.6+10) (build 11.0.6+10)
# Java VM: OpenJDK 64-Bit Server VM (11.0.6+10, mixed mode, tiered, compressed oops, g1 gc, windows-amd64)
# No core dump will be written. Minidumps are not enabled by default on client versions of Windows
#

---------------  S U M M A R Y ------------

Command Line: -Dclassworlds.conf=C:\Program Files\NetBeans-12.1\netbeans\java\maven\bin\..\bin\m2.conf -Dmaven.home=C:\Program Files\NetBeans-12.1\netbeans\java\maven\bin\.. -Dlibrary.jansi.path=C:\Program Files\NetBeans-12.1\netbeans\java\maven\bin\..\lib\jansi-native -Dmaven.multiModuleProjectDirectory=C:\Users\Media\Documents\NetBeansProjects\g55870.luckynumbers org.codehaus.plexus.classworlds.launcher.Launcher -Dexec.args=-classpath %classpath g55870.luckynumbers.LuckyNumbers.LuckyNumbers -Dexec.executable=C:\Users\Media\AppData\Local\Programs\AdoptOpenJDK\bin\java.exe -Dmaven.ext.class.path=C:\Program Files\NetBeans-12.1\netbeans\java\maven-nblib\netbeans-eventspy.jar -Dfile.encoding=UTF-8 process-classes org.codehaus.mojo:exec-maven-plugin:1.5.0:exec

Host: Intel(R) Core(TM) i7-8750H CPU @ 2.20GHz, 12 cores, 7G,  Windows 10 , 64 bit Build 19041 (10.0.19041.804)
Time: Fri Apr  2 04:12:32 2021 Paris, Madrid (heure d’été) elapsed time: 0 seconds (0d 0h 0m 0s)

---------------  T H R E A D  ---------------

Current thread (0x000002a1bc46d800):  JavaThread "C2 CompilerThread0" daemon [_thread_in_native, id=13736, stack(0x000000e839700000,0x000000e839800000)]


Current CompileTask:
C2:    313  585  s!   4       jdk.internal.loader.URLClassPath::getLoader (194 bytes)

Stack: [0x000000e839700000,0x000000e839800000]
Native frames: (J=compiled Java code, j=interpreted, Vv=VM code, C=native code)
V  [jvm.dll+0x5db25a]
V  [jvm.dll+0x7111de]
V  [jvm.dll+0x712877]
V  [jvm.dll+0x712f43]
V  [jvm.dll+0x23fe78]
V  [jvm.dll+0xb8f0c]
V  [jvm.dll+0xb949c]
V  [jvm.dll+0x2af924]
V  [jvm.dll+0x4fc57f]
V  [jvm.dll+0x1fbe74]
V  [jvm.dll+0x1f8ddf]
V  [jvm.dll+0x17d96c]
V  [jvm.dll+0x2080b7]
V  [jvm.dll+0x20639b]
V  [jvm.dll+0x6d70bc]
V  [jvm.dll+0x6d01ec]
V  [jvm.dll+0x5da1e6]
C  [ucrtbase.dll+0x21bb2]
C  [KERNEL32.DLL+0x17034]
C  [ntdll.dll+0x52651]


---------------  P R O C E S S  ---------------

Threads class SMR info:
_java_thread_list=0x000002a1bcf50d70, length=10, elements={
0x000002a19d15c000, 0x000002a1bc450000, 0x000002a1bc451000, 0x000002a1bc46a000,
0x000002a1bc46b800, 0x000002a1bc46d800, 0x000002a1bc470800, 0x000002a1bcdb1800,
0x000002a1bcf63800, 0x000002a1bcf6a800
}

Java Threads: ( => current thread )
  0x000002a19d15c000 JavaThread "main" [_thread_blocked, id=15876, stack(0x000000e838c00000,0x000000e838d00000)]
  0x000002a1bc450000 JavaThread "Reference Handler" daemon [_thread_blocked, id=31064, stack(0x000000e839300000,0x000000e839400000)]
  0x000002a1bc451000 JavaThread "Finalizer" daemon [_thread_blocked, id=31548, stack(0x000000e839400000,0x000000e839500000)]
  0x000002a1bc46a000 JavaThread "Signal Dispatcher" daemon [_thread_blocked, id=1668, stack(0x000000e839500000,0x000000e839600000)]
  0x000002a1bc46b800 JavaThread "Attach Listener" daemon [_thread_blocked, id=30760, stack(0x000000e839600000,0x000000e839700000)]
=>0x000002a1bc46d800 JavaThread "C2 CompilerThread0" daemon [_thread_in_native, id=13736, stack(0x000000e839700000,0x000000e839800000)]
  0x000002a1bc470800 JavaThread "C1 CompilerThread0" daemon [_thread_blocked, id=31076, stack(0x000000e839800000,0x000000e839900000)]
  0x000002a1bcdb1800 JavaThread "Sweeper thread" daemon [_thread_blocked, id=30948, stack(0x000000e839900000,0x000000e839a00000)]
  0x000002a1bcf63800 JavaThread "Service Thread" daemon [_thread_blocked, id=30920, stack(0x000000e839a00000,0x000000e839b00000)]
  0x000002a1bcf6a800 JavaThread "Common-Cleaner" daemon [_thread_blocked, id=22416, stack(0x000000e839c00000,0x000000e839d00000)]

Other Threads:
  0x000002a1bc42b000 VMThread "VM Thread" [stack: 0x000000e839200000,0x000000e839300000] [id=30896]
  0x000002a1bcf66000 WatcherThread [stack: 0x000000e839b00000,0x000000e839c00000] [id=27984]
  0x000002a19d173800 GCTaskThread "GC Thread#0" [stack: 0x000000e838d00000,0x000000e838e00000] [id=26788]
  0x000002a1bd989800 GCTaskThread "GC Thread#1" [stack: 0x000000e839d00000,0x000000e839e00000] [id=31632]
  0x000002a1bd8ae000 GCTaskThread "GC Thread#2" [stack: 0x000000e839e00000,0x000000e839f00000] [id=29996]
  0x000002a19d1a4800 ConcurrentGCThread "G1 Main Marker" [stack: 0x000000e838e00000,0x000000e838f00000] [id=31628]
  0x000002a19d1a6000 ConcurrentGCThread "G1 Conc#0" [stack: 0x000000e838f00000,0x000000e839000000] [id=20580]
  0x000002a1bd8b1800 ConcurrentGCThread "G1 Conc#1" [stack: 0x000000e839f00000,0x000000e83a000000] [id=30124]
  0x000002a1bdd6d000 ConcurrentGCThread "G1 Conc#2" [stack: 0x000000e83a000000,0x000000e83a100000] [id=31148]
  0x000002a1bc292800 ConcurrentGCThread "G1 Refine#0" [stack: 0x000000e839000000,0x000000e839100000] [id=30932]
  0x000002a1bc294800 ConcurrentGCThread "G1 Young RemSet Sampling" [stack: 0x000000e839100000,0x000000e839200000] [id=20512]

Threads with active compile tasks:
C2 CompilerThread0    336  585  s!   4       jdk.internal.loader.URLClassPath::getLoader (194 bytes)

VM state:at safepoint (normal execution)

VM Mutex/Monitor currently owned by a thread:  ([mutex/lock_event])
[0x000002a19d156c50] Threads_lock - owner thread: 0x000002a1bc42b000
[0x000002a19d157790] Heap_lock - owner thread: 0x000002a19d15c000

Heap address: 0x0000000082600000, size: 2010 MB, Compressed Oops mode: 32-bit
Narrow klass base: 0x0000000000000000, Narrow klass shift: 3
Compressed class space size: 1073741824 Address: 0x0000000100000000

Heap:
 garbage-first heap   total 129024K, used 2924K [0x0000000082600000, 0x0000000100000000)
  region size 1024K, 3 young (3072K), 3 survivors (3072K)
 Metaspace       used 9749K, capacity 9914K, committed 9984K, reserved 1067008K
  class space    used 897K, capacity 986K, committed 1024K, reserved 1048576K
Heap Regions: E=young(eden), S=young(survivor), O=old, HS=humongous(starts), HC=humongous(continues), CS=collection set, F=free, A=archive, TAMS=top-at-mark-start (previous, next)
|   0|0x0000000082600000, 0x0000000082600000, 0x0000000082700000|  0%| F|  |TAMS 0x0000000082600000, 0x0000000082600000| Untracked 
|   1|0x0000000082700000, 0x0000000082700000, 0x0000000082800000|  0%| F|  |TAMS 0x0000000082700000, 0x0000000082700000| Untracked 
|   2|0x0000000082800000, 0x0000000082800000, 0x0000000082900000|  0%| F|  |TAMS 0x0000000082800000, 0x0000000082800000| Untracked 
|   3|0x0000000082900000, 0x0000000082900000, 0x0000000082a00000|  0%| F|  |TAMS 0x0000000082900000, 0x0000000082900000| Untracked 
|   4|0x0000000082a00000, 0x0000000082a00000, 0x0000000082b00000|  0%| F|  |TAMS 0x0000000082a00000, 0x0000000082a00000| Untracked 
|   5|0x0000000082b00000, 0x0000000082b00000, 0x0000000082c00000|  0%| F|  |TAMS 0x0000000082b00000, 0x0000000082b00000| Untracked 
|   6|0x0000000082c00000, 0x0000000082c00000, 0x0000000082d00000|  0%| F|  |TAMS 0x0000000082c00000, 0x0000000082c00000| Untracked 
|   7|0x0000000082d00000, 0x0000000082d00000, 0x0000000082e00000|  0%| F|  |TAMS 0x0000000082d00000, 0x0000000082d00000| Untracked 
|   8|0x0000000082e00000, 0x0000000082e00000, 0x0000000082f00000|  0%| F|  |TAMS 0x0000000082e00000, 0x0000000082e00000| Untracked 
|   9|0x0000000082f00000, 0x0000000082f00000, 0x0000000083000000|  0%| F|  |TAMS 0x0000000082f00000, 0x0000000082f00000| Untracked 
|  10|0x0000000083000000, 0x0000000083000000, 0x0000000083100000|  0%| F|  |TAMS 0x0000000083000000, 0x0000000083000000| Untracked 
|  11|0x0000000083100000, 0x0000000083100000, 0x0000000083200000|  0%| F|  |TAMS 0x0000000083100000, 0x0000000083100000| Untracked 
|  12|0x0000000083200000, 0x0000000083200000, 0x0000000083300000|  0%| F|  |TAMS 0x0000000083200000, 0x0000000083200000| Untracked 
|  13|0x0000000083300000, 0x0000000083300000, 0x0000000083400000|  0%| F|  |TAMS 0x0000000083300000, 0x0000000083300000| Untracked 
|  14|0x0000000083400000, 0x0000000083400000, 0x0000000083500000|  0%| F|  |TAMS 0x0000000083400000, 0x0000000083400000| Untracked 
|  15|0x0000000083500000, 0x0000000083500000, 0x0000000083600000|  0%| F|  |TAMS 0x0000000083500000, 0x0000000083500000| Untracked 
|  16|0x0000000083600000, 0x0000000083600000, 0x0000000083700000|  0%| F|  |TAMS 0x0000000083600000, 0x0000000083600000| Untracked 
|  17|0x0000000083700000, 0x0000000083700000, 0x0000000083800000|  0%| F|  |TAMS 0x0000000083700000, 0x0000000083700000| Untracked 
|  18|0x0000000083800000, 0x0000000083800000, 0x0000000083900000|  0%| F|  |TAMS 0x0000000083800000, 0x0000000083800000| Untracked 
|  19|0x0000000083900000, 0x0000000083900000, 0x0000000083a00000|  0%| F|  |TAMS 0x0000000083900000, 0x0000000083900000| Untracked 
|  20|0x0000000083a00000, 0x0000000083a00000, 0x0000000083b00000|  0%| F|  |TAMS 0x0000000083a00000, 0x0000000083a00000| Untracked 
|  21|0x0000000083b00000, 0x0000000083b00000, 0x0000000083c00000|  0%| F|  |TAMS 0x0000000083b00000, 0x0000000083b00000| Untracked 
|  22|0x0000000083c00000, 0x0000000083c00000, 0x0000000083d00000|  0%| F|  |TAMS 0x0000000083c00000, 0x0000000083c00000| Untracked 
|  23|0x0000000083d00000, 0x0000000083d00000, 0x0000000083e00000|  0%| F|  |TAMS 0x0000000083d00000, 0x0000000083d00000| Untracked 
|  24|0x0000000083e00000, 0x0000000083e00000, 0x0000000083f00000|  0%| F|  |TAMS 0x0000000083e00000, 0x0000000083e00000| Untracked 
|  25|0x0000000083f00000, 0x0000000083f00000, 0x0000000084000000|  0%| F|  |TAMS 0x0000000083f00000, 0x0000000083f00000| Untracked 
|  26|0x0000000084000000, 0x0000000084000000, 0x0000000084100000|  0%| F|  |TAMS 0x0000000084000000, 0x0000000084000000| Untracked 
|  27|0x0000000084100000, 0x0000000084100000, 0x0000000084200000|  0%| F|  |TAMS 0x0000000084100000, 0x0000000084100000| Untracked 
|  28|0x0000000084200000, 0x0000000084200000, 0x0000000084300000|  0%| F|  |TAMS 0x0000000084200000, 0x0000000084200000| Untracked 
|  29|0x0000000084300000, 0x0000000084300000, 0x0000000084400000|  0%| F|  |TAMS 0x0000000084300000, 0x0000000084300000| Untracked 
|  30|0x0000000084400000, 0x0000000084400000, 0x0000000084500000|  0%| F|  |TAMS 0x0000000084400000, 0x0000000084400000| Untracked 
|  31|0x0000000084500000, 0x0000000084500000, 0x0000000084600000|  0%| F|  |TAMS 0x0000000084500000, 0x0000000084500000| Untracked 
|  32|0x0000000084600000, 0x0000000084600000, 0x0000000084700000|  0%| F|  |TAMS 0x0000000084600000, 0x0000000084600000| Untracked 
|  33|0x0000000084700000, 0x0000000084700000, 0x0000000084800000|  0%| F|  |TAMS 0x0000000084700000, 0x0000000084700000| Untracked 
|  34|0x0000000084800000, 0x0000000084800000, 0x0000000084900000|  0%| F|  |TAMS 0x0000000084800000, 0x0000000084800000| Untracked 
|  35|0x0000000084900000, 0x0000000084900000, 0x0000000084a00000|  0%| F|  |TAMS 0x0000000084900000, 0x0000000084900000| Untracked 
|  36|0x0000000084a00000, 0x0000000084a00000, 0x0000000084b00000|  0%| F|  |TAMS 0x0000000084a00000, 0x0000000084a00000| Untracked 
|  37|0x0000000084b00000, 0x0000000084b00000, 0x0000000084c00000|  0%| F|  |TAMS 0x0000000084b00000, 0x0000000084b00000| Untracked 
|  38|0x0000000084c00000, 0x0000000084c00000, 0x0000000084d00000|  0%| F|  |TAMS 0x0000000084c00000, 0x0000000084c00000| Untracked 
|  39|0x0000000084d00000, 0x0000000084d00000, 0x0000000084e00000|  0%| F|  |TAMS 0x0000000084d00000, 0x0000000084d00000| Untracked 
|  40|0x0000000084e00000, 0x0000000084e00000, 0x0000000084f00000|  0%| F|  |TAMS 0x0000000084e00000, 0x0000000084e00000| Untracked 
|  41|0x0000000084f00000, 0x0000000084f00000, 0x0000000085000000|  0%| F|  |TAMS 0x0000000084f00000, 0x0000000084f00000| Untracked 
|  42|0x0000000085000000, 0x0000000085000000, 0x0000000085100000|  0%| F|  |TAMS 0x0000000085000000, 0x0000000085000000| Untracked 
|  43|0x0000000085100000, 0x0000000085100000, 0x0000000085200000|  0%| F|  |TAMS 0x0000000085100000, 0x0000000085100000| Untracked 
|  44|0x0000000085200000, 0x0000000085200000, 0x0000000085300000|  0%| F|  |TAMS 0x0000000085200000, 0x0000000085200000| Untracked 
|  45|0x0000000085300000, 0x0000000085300000, 0x0000000085400000|  0%| F|  |TAMS 0x0000000085300000, 0x0000000085300000| Untracked 
|  46|0x0000000085400000, 0x0000000085400000, 0x0000000085500000|  0%| F|  |TAMS 0x0000000085400000, 0x0000000085400000| Untracked 
|  47|0x0000000085500000, 0x0000000085500000, 0x0000000085600000|  0%| F|  |TAMS 0x0000000085500000, 0x0000000085500000| Untracked 
|  48|0x0000000085600000, 0x0000000085600000, 0x0000000085700000|  0%| F|  |TAMS 0x0000000085600000, 0x0000000085600000| Untracked 
|  49|0x0000000085700000, 0x0000000085700000, 0x0000000085800000|  0%| F|  |TAMS 0x0000000085700000, 0x0000000085700000| Untracked 
|  50|0x0000000085800000, 0x0000000085800000, 0x0000000085900000|  0%| F|  |TAMS 0x0000000085800000, 0x0000000085800000| Untracked 
|  51|0x0000000085900000, 0x0000000085900000, 0x0000000085a00000|  0%| F|  |TAMS 0x0000000085900000, 0x0000000085900000| Untracked 
|  52|0x0000000085a00000, 0x0000000085a00000, 0x0000000085b00000|  0%| F|  |TAMS 0x0000000085a00000, 0x0000000085a00000| Untracked 
|  53|0x0000000085b00000, 0x0000000085b00000, 0x0000000085c00000|  0%| F|  |TAMS 0x0000000085b00000, 0x0000000085b00000| Untracked 
|  54|0x0000000085c00000, 0x0000000085c00000, 0x0000000085d00000|  0%| F|  |TAMS 0x0000000085c00000, 0x0000000085c00000| Untracked 
|  55|0x0000000085d00000, 0x0000000085d00000, 0x0000000085e00000|  0%| F|  |TAMS 0x0000000085d00000, 0x0000000085d00000| Untracked 
|  56|0x0000000085e00000, 0x0000000085e00000, 0x0000000085f00000|  0%| F|  |TAMS 0x0000000085e00000, 0x0000000085e00000| Untracked 
|  57|0x0000000085f00000, 0x0000000085f00000, 0x0000000086000000|  0%| F|  |TAMS 0x0000000085f00000, 0x0000000085f00000| Untracked 
|  58|0x0000000086000000, 0x0000000086000000, 0x0000000086100000|  0%| F|  |TAMS 0x0000000086000000, 0x0000000086000000| Untracked 
|  59|0x0000000086100000, 0x0000000086100000, 0x0000000086200000|  0%| F|  |TAMS 0x0000000086100000, 0x0000000086100000| Untracked 
|  60|0x0000000086200000, 0x0000000086200000, 0x0000000086300000|  0%| F|  |TAMS 0x0000000086200000, 0x0000000086200000| Untracked 
|  61|0x0000000086300000, 0x0000000086300000, 0x0000000086400000|  0%| F|  |TAMS 0x0000000086300000, 0x0000000086300000| Untracked 
|  62|0x0000000086400000, 0x0000000086400000, 0x0000000086500000|  0%| F|  |TAMS 0x0000000086400000, 0x0000000086400000| Untracked 
|  63|0x0000000086500000, 0x0000000086500000, 0x0000000086600000|  0%| F|  |TAMS 0x0000000086500000, 0x0000000086500000| Untracked 
|  64|0x0000000086600000, 0x0000000086600000, 0x0000000086700000|  0%| F|  |TAMS 0x0000000086600000, 0x0000000086600000| Untracked 
|  65|0x0000000086700000, 0x0000000086700000, 0x0000000086800000|  0%| F|  |TAMS 0x0000000086700000, 0x0000000086700000| Untracked 
|  66|0x0000000086800000, 0x0000000086800000, 0x0000000086900000|  0%| F|  |TAMS 0x0000000086800000, 0x0000000086800000| Untracked 
|  67|0x0000000086900000, 0x0000000086900000, 0x0000000086a00000|  0%| F|  |TAMS 0x0000000086900000, 0x0000000086900000| Untracked 
|  68|0x0000000086a00000, 0x0000000086a00000, 0x0000000086b00000|  0%| F|  |TAMS 0x0000000086a00000, 0x0000000086a00000| Untracked 
|  69|0x0000000086b00000, 0x0000000086b00000, 0x0000000086c00000|  0%| F|  |TAMS 0x0000000086b00000, 0x0000000086b00000| Untracked 
|  70|0x0000000086c00000, 0x0000000086c00000, 0x0000000086d00000|  0%| F|  |TAMS 0x0000000086c00000, 0x0000000086c00000| Untracked 
|  71|0x0000000086d00000, 0x0000000086d00000, 0x0000000086e00000|  0%| F|  |TAMS 0x0000000086d00000, 0x0000000086d00000| Untracked 
|  72|0x0000000086e00000, 0x0000000086e00000, 0x0000000086f00000|  0%| F|  |TAMS 0x0000000086e00000, 0x0000000086e00000| Untracked 
|  73|0x0000000086f00000, 0x0000000086f00000, 0x0000000087000000|  0%| F|  |TAMS 0x0000000086f00000, 0x0000000086f00000| Untracked 
|  74|0x0000000087000000, 0x0000000087000000, 0x0000000087100000|  0%| F|  |TAMS 0x0000000087000000, 0x0000000087000000| Untracked 
|  75|0x0000000087100000, 0x0000000087100000, 0x0000000087200000|  0%| F|  |TAMS 0x0000000087100000, 0x0000000087100000| Untracked 
|  76|0x0000000087200000, 0x0000000087200000, 0x0000000087300000|  0%| F|  |TAMS 0x0000000087200000, 0x0000000087200000| Untracked 
|  77|0x0000000087300000, 0x0000000087300000, 0x0000000087400000|  0%| F|  |TAMS 0x0000000087300000, 0x0000000087300000| Untracked 
|  78|0x0000000087400000, 0x0000000087400000, 0x0000000087500000|  0%| F|  |TAMS 0x0000000087400000, 0x0000000087400000| Untracked 
|  79|0x0000000087500000, 0x0000000087500000, 0x0000000087600000|  0%| F|  |TAMS 0x0000000087500000, 0x0000000087500000| Untracked 
|  80|0x0000000087600000, 0x0000000087600000, 0x0000000087700000|  0%| F|  |TAMS 0x0000000087600000, 0x0000000087600000| Untracked 
|  81|0x0000000087700000, 0x0000000087700000, 0x0000000087800000|  0%| F|  |TAMS 0x0000000087700000, 0x0000000087700000| Untracked 
|  82|0x0000000087800000, 0x0000000087800000, 0x0000000087900000|  0%| F|  |TAMS 0x0000000087800000, 0x0000000087800000| Untracked 
|  83|0x0000000087900000, 0x0000000087900000, 0x0000000087a00000|  0%| F|  |TAMS 0x0000000087900000, 0x0000000087900000| Untracked 
|  84|0x0000000087a00000, 0x0000000087a00000, 0x0000000087b00000|  0%| F|  |TAMS 0x0000000087a00000, 0x0000000087a00000| Untracked 
|  85|0x0000000087b00000, 0x0000000087b00000, 0x0000000087c00000|  0%| F|  |TAMS 0x0000000087b00000, 0x0000000087b00000| Untracked 
|  86|0x0000000087c00000, 0x0000000087c00000, 0x0000000087d00000|  0%| F|  |TAMS 0x0000000087c00000, 0x0000000087c00000| Untracked 
|  87|0x0000000087d00000, 0x0000000087d00000, 0x0000000087e00000|  0%| F|  |TAMS 0x0000000087d00000, 0x0000000087d00000| Untracked 
|  88|0x0000000087e00000, 0x0000000087e00000, 0x0000000087f00000|  0%| F|  |TAMS 0x0000000087e00000, 0x0000000087e00000| Untracked 
|  89|0x0000000087f00000, 0x0000000087f00000, 0x0000000088000000|  0%| F|  |TAMS 0x0000000087f00000, 0x0000000087f00000| Untracked 
|  90|0x0000000088000000, 0x0000000088000000, 0x0000000088100000|  0%| F|  |TAMS 0x0000000088000000, 0x0000000088000000| Untracked 
|  91|0x0000000088100000, 0x0000000088100000, 0x0000000088200000|  0%| F|  |TAMS 0x0000000088100000, 0x0000000088100000| Untracked 
|  92|0x0000000088200000, 0x0000000088200000, 0x0000000088300000|  0%| F|  |TAMS 0x0000000088200000, 0x0000000088200000| Untracked 
|  93|0x0000000088300000, 0x0000000088300000, 0x0000000088400000|  0%| F|  |TAMS 0x0000000088300000, 0x0000000088300000| Untracked 
|  94|0x0000000088400000, 0x0000000088400000, 0x0000000088500000|  0%| F|  |TAMS 0x0000000088400000, 0x0000000088400000| Untracked 
|  95|0x0000000088500000, 0x0000000088500000, 0x0000000088600000|  0%| F|  |TAMS 0x0000000088500000, 0x0000000088500000| Untracked 
|  96|0x0000000088600000, 0x0000000088600000, 0x0000000088700000|  0%| F|  |TAMS 0x0000000088600000, 0x0000000088600000| Untracked 
|  97|0x0000000088700000, 0x0000000088700000, 0x0000000088800000|  0%| F|  |TAMS 0x0000000088700000, 0x0000000088700000| Untracked 
|  98|0x0000000088800000, 0x0000000088800000, 0x0000000088900000|  0%| F|  |TAMS 0x0000000088800000, 0x0000000088800000| Untracked 
|  99|0x0000000088900000, 0x0000000088900000, 0x0000000088a00000|  0%| F|  |TAMS 0x0000000088900000, 0x0000000088900000| Untracked 
| 100|0x0000000088a00000, 0x0000000088a00000, 0x0000000088b00000|  0%| F|  |TAMS 0x0000000088a00000, 0x0000000088a00000| Untracked 
| 101|0x0000000088b00000, 0x0000000088b00000, 0x0000000088c00000|  0%| F|  |TAMS 0x0000000088b00000, 0x0000000088b00000| Untracked 
| 102|0x0000000088c00000, 0x0000000088c00000, 0x0000000088d00000|  0%| F|  |TAMS 0x0000000088c00000, 0x0000000088c00000| Untracked 
| 103|0x0000000088d00000, 0x0000000088d00000, 0x0000000088e00000|  0%| F|  |TAMS 0x0000000088d00000, 0x0000000088d00000| Untracked 
| 104|0x0000000088e00000, 0x0000000088e00000, 0x0000000088f00000|  0%| F|  |TAMS 0x0000000088e00000, 0x0000000088e00000| Untracked 
| 105|0x0000000088f00000, 0x0000000088f00000, 0x0000000089000000|  0%| F|  |TAMS 0x0000000088f00000, 0x0000000088f00000| Untracked 
| 106|0x0000000089000000, 0x0000000089000000, 0x0000000089100000|  0%| F|  |TAMS 0x0000000089000000, 0x0000000089000000| Untracked 
| 107|0x0000000089100000, 0x0000000089100000, 0x0000000089200000|  0%| F|  |TAMS 0x0000000089100000, 0x0000000089100000| Untracked 
| 108|0x0000000089200000, 0x0000000089200000, 0x0000000089300000|  0%| F|  |TAMS 0x0000000089200000, 0x0000000089200000| Untracked 
| 109|0x0000000089300000, 0x0000000089300000, 0x0000000089400000|  0%| F|  |TAMS 0x0000000089300000, 0x0000000089300000| Untracked 
| 110|0x0000000089400000, 0x0000000089400000, 0x0000000089500000|  0%| F|  |TAMS 0x0000000089400000, 0x0000000089400000| Untracked 
| 111|0x0000000089500000, 0x0000000089500000, 0x0000000089600000|  0%| F|  |TAMS 0x0000000089500000, 0x0000000089500000| Untracked 
| 112|0x0000000089600000, 0x00000000896db380, 0x0000000089700000| 85%| S|CS|TAMS 0x0000000089600000, 0x0000000089600000| Complete 
| 113|0x0000000089700000, 0x0000000089800000, 0x0000000089800000|100%| S|CS|TAMS 0x0000000089700000, 0x0000000089700000| Complete 
| 114|0x0000000089800000, 0x0000000089900000, 0x0000000089900000|100%| S|CS|TAMS 0x0000000089800000, 0x0000000089800000| Complete 
| 115|0x0000000089900000, 0x0000000089900000, 0x0000000089a00000|  0%| F|  |TAMS 0x0000000089900000, 0x0000000089900000| Untracked 
| 116|0x0000000089a00000, 0x0000000089a00000, 0x0000000089b00000|  0%| F|  |TAMS 0x0000000089a00000, 0x0000000089a00000| Untracked 
| 117|0x0000000089b00000, 0x0000000089b00000, 0x0000000089c00000|  0%| F|  |TAMS 0x0000000089b00000, 0x0000000089b00000| Untracked 
| 118|0x0000000089c00000, 0x0000000089c00000, 0x0000000089d00000|  0%| F|  |TAMS 0x0000000089c00000, 0x0000000089c00000| Untracked 
| 119|0x0000000089d00000, 0x0000000089d00000, 0x0000000089e00000|  0%| F|  |TAMS 0x0000000089d00000, 0x0000000089d00000| Untracked 
| 120|0x0000000089e00000, 0x0000000089e00000, 0x0000000089f00000|  0%| F|  |TAMS 0x0000000089e00000, 0x0000000089e00000| Untracked 
| 121|0x0000000089f00000, 0x0000000089f00000, 0x000000008a000000|  0%| F|  |TAMS 0x0000000089f00000, 0x0000000089f00000| Untracked 
| 122|0x000000008a000000, 0x000000008a000000, 0x000000008a100000|  0%| F|  |TAMS 0x000000008a000000, 0x000000008a000000| Untracked 
| 123|0x000000008a100000, 0x000000008a100000, 0x000000008a200000|  0%| F|  |TAMS 0x000000008a100000, 0x000000008a100000| Untracked 
| 124|0x000000008a200000, 0x000000008a200000, 0x000000008a300000|  0%| F|  |TAMS 0x000000008a200000, 0x000000008a200000| Untracked 
| 125|0x000000008a300000, 0x000000008a300000, 0x000000008a400000|  0%| F|  |TAMS 0x000000008a300000, 0x000000008a300000| Untracked 

Card table byte_map: [0x000002a1b5110000,0x000002a1b5500000] _byte_map_base: 0x000002a1b4cfd000

Marking Bits (Prev, Next): (CMBitMap*) 0x000002a19d19bdc8, (CMBitMap*) 0x000002a19d19be00
 Prev Bits: [0x000002a1b58f0000, 0x000002a1b7858000)
 Next Bits: [0x000002a1b7860000, 0x000002a1b97c8000)

Polling page: 0x000002a19ae40000

Metaspace:

Usage:
  Non-class:      8.72 MB capacity,     8.64 MB (>99%) used,    66.85 KB ( <1%) free+waste,     8.81 KB ( <1%) overhead. 
      Class:    986.00 KB capacity,   897.41 KB ( 91%) used,    84.65 KB (  9%) free+waste,     3.94 KB ( <1%) overhead. 
       Both:      9.68 MB capacity,     9.52 MB ( 98%) used,   151.50 KB (  2%) free+waste,    12.75 KB ( <1%) overhead. 

Virtual space:
  Non-class space:       18.00 MB reserved,       8.75 MB ( 49%) committed 
      Class space:        1.00 GB reserved,       1.00 MB ( <1%) committed 
             Both:        1.02 GB reserved,       9.75 MB ( <1%) committed 

Chunk freelists:
   Non-Class:  32.00 KB
       Class:  6.00 KB
        Both:  38.00 KB

MaxMetaspaceSize: 17179869184.00 GB
CompressedClassSpaceSize: 1.00 GB

CodeHeap 'non-profiled nmethods': size=120000Kb used=195Kb max_used=195Kb free=119804Kb
 bounds [0x000002a1ad290000, 0x000002a1ad500000, 0x000002a1b47c0000]
CodeHeap 'profiled nmethods': size=120000Kb used=1306Kb max_used=1306Kb free=118693Kb
 bounds [0x000002a1a5d60000, 0x000002a1a5fd0000, 0x000002a1ad290000]
CodeHeap 'non-nmethods': size=5760Kb used=1073Kb max_used=1081Kb free=4686Kb
 bounds [0x000002a1a57c0000, 0x000002a1a5a30000, 0x000002a1a5d60000]
 total_blobs=1471 nmethods=671 adapters=283
 compilation: enabled
              stopped_count=0, restarted_count=0
 full_count=0

Compilation events (20 events):
Event: 0.305 Thread 0x000002a1bc470800  595   !   3       sun.nio.fs.WindowsPath::initOffsets (153 bytes)
Event: 0.307 Thread 0x000002a1bc470800 nmethod 595 0x000002a1a5e7a190 code [0x000002a1a5e7a620, 0x000002a1a5e7ced0]
Event: 0.307 Thread 0x000002a1bc470800  596       3       sun.nio.fs.WindowsPath::elementAsString (62 bytes)
Event: 0.307 Thread 0x000002a1bc470800 nmethod 596 0x000002a1a5e7de90 code [0x000002a1a5e7e0a0, 0x000002a1a5e7e410]
Event: 0.307 Thread 0x000002a1bc470800  597       3       java.io.FilterInputStream::<init> (10 bytes)
Event: 0.307 Thread 0x000002a1bc470800 nmethod 597 0x000002a1a5e7e690 code [0x000002a1a5e7e860, 0x000002a1a5e7ead8]
Event: 0.307 Thread 0x000002a1bc470800  593       3       java.lang.StringCoding$StringDecoder::charsetName (31 bytes)
Event: 0.307 Thread 0x000002a1bc470800 nmethod 593 0x000002a1a5e7eb90 code [0x000002a1a5e7ed60, 0x000002a1a5e7f1f0]
Event: 0.307 Thread 0x000002a1bc470800  598       3       java.io.File::<init> (113 bytes)
Event: 0.308 Thread 0x000002a1bc470800 nmethod 598 0x000002a1a5e7f310 code [0x000002a1a5e7f5e0, 0x000002a1a5e80000]
Event: 0.308 Thread 0x000002a1bc470800  599       3       jdk.internal.loader.Resource::<init> (5 bytes)
Event: 0.308 Thread 0x000002a1bc470800 nmethod 599 0x000002a1a5e80390 code [0x000002a1a5e80540, 0x000002a1a5e806f8]
Event: 0.308 Thread 0x000002a1bc470800  600       3       java.util.zip.ZipFile$Source::getEntryPos (9 bytes)
Event: 0.308 Thread 0x000002a1bc470800 nmethod 600 0x000002a1a5e80790 code [0x000002a1a5e80940, 0x000002a1a5e80ad8]
Event: 0.308 Thread 0x000002a1bc470800  601       3       sun.net.www.protocol.jar.Handler::parseURL (212 bytes)
Event: 0.309 Thread 0x000002a1bc470800 nmethod 601 0x000002a1a5e80b90 code [0x000002a1a5e80f20, 0x000002a1a5e822d0]
Event: 0.309 Thread 0x000002a1bc470800  602       3       sun.net.www.protocol.jar.Handler::parseContextSpec (150 bytes)
Event: 0.311 Thread 0x000002a1bc470800 nmethod 602 0x000002a1a5e82b90 code [0x000002a1a5e83080, 0x000002a1a5e85320]
Event: 0.311 Thread 0x000002a1bc470800  604  s    3       java.util.jar.JarFile::getInputStream (72 bytes)
Event: 0.311 Thread 0x000002a1bc470800 nmethod 604 0x000002a1a5e85f10 code [0x000002a1a5e86140, 0x000002a1a5e867a0]

GC Heap History (0 events):
No events

Deoptimization events (20 events):
Event: 0.142 Thread 0x000002a19d15c000 DEOPT PACKING pc=0x000002a1ad29e300 sp=0x000000e838cfe590
Event: 0.142 Thread 0x000002a19d15c000 DEOPT UNPACKING pc=0x000002a1a57e8f2f sp=0x000000e838cfe518 mode 2
Event: 0.173 Thread 0x000002a19d15c000 DEOPT PACKING pc=0x000002a1a5daaeb8 sp=0x000000e838cfb4b0
Event: 0.173 Thread 0x000002a19d15c000 DEOPT UNPACKING pc=0x000002a1a57e8d4e sp=0x000000e838cfa908 mode 0
Event: 0.198 Thread 0x000002a19d15c000 DEOPT PACKING pc=0x000002a1a5d9eb70 sp=0x000000e838cfb7a0
Event: 0.198 Thread 0x000002a19d15c000 DEOPT UNPACKING pc=0x000002a1a57e8d4e sp=0x000000e838cfac28 mode 0
Event: 0.205 Thread 0x000002a19d15c000 DEOPT PACKING pc=0x000002a1a5db7ea2 sp=0x000000e838cfb020
Event: 0.205 Thread 0x000002a19d15c000 DEOPT UNPACKING pc=0x000002a1a57e8d4e sp=0x000000e838cfa488 mode 0
Event: 0.282 Thread 0x000002a19d15c000 Uncommon trap: trap_request=0xffffff4d fr.pc=0x000002a1ad29a028 relative=0x00000000000003e8
Event: 0.282 Thread 0x000002a19d15c000 Uncommon trap: reason=unstable_if action=reinterpret pc=0x000002a1ad29a028 method=java.lang.StringLatin1.canEncode(I)Z @ 4 c2
Event: 0.282 Thread 0x000002a19d15c000 DEOPT PACKING pc=0x000002a1ad29a028 sp=0x000000e838cfdda0
Event: 0.282 Thread 0x000002a19d15c000 DEOPT UNPACKING pc=0x000002a1a57e8f2f sp=0x000000e838cfdcb8 mode 2
Event: 0.282 Thread 0x000002a19d15c000 Uncommon trap: trap_request=0xffffff4d fr.pc=0x000002a1ad29bd00 relative=0x00000000000003c0
Event: 0.282 Thread 0x000002a19d15c000 Uncommon trap: reason=unstable_if action=reinterpret pc=0x000002a1ad29bd00 method=java.lang.AbstractStringBuilder.isLatin1()Z @ 10 c2
Event: 0.282 Thread 0x000002a19d15c000 DEOPT PACKING pc=0x000002a1ad29bd00 sp=0x000000e838cfdda0
Event: 0.282 Thread 0x000002a19d15c000 DEOPT UNPACKING pc=0x000002a1a57e8f2f sp=0x000000e838cfdd20 mode 2
Event: 0.284 Thread 0x000002a19d15c000 Uncommon trap: trap_request=0xffffff4d fr.pc=0x000002a1ad297cd4 relative=0x0000000000000034
Event: 0.284 Thread 0x000002a19d15c000 Uncommon trap: reason=unstable_if action=reinterpret pc=0x000002a1ad297cd4 method=java.lang.StringLatin1.canEncode(I)Z @ 4 c2
Event: 0.284 Thread 0x000002a19d15c000 DEOPT PACKING pc=0x000002a1ad297cd4 sp=0x000000e838cfdd20
Event: 0.284 Thread 0x000002a19d15c000 DEOPT UNPACKING pc=0x000002a1a57e8f2f sp=0x000000e838cfdcb0 mode 2

Classes redefined (0 events):
No events

Internal exceptions (1 events):
Event: 0.157 Thread 0x000002a19d15c000 Exception <a 'java/lang/NoSuchMethodError'{0x000000008a0565a8}: 'int java.lang.invoke.DirectMethodHandle$Holder.invokeSpecialIFC(java.lang.Object, java.lang.Object, int)'> (0x000000008a0565a8) thrown at [c:/cygwin64/tmp/openjdk-jdk11u-windows-x64-hotspot/

Events (20 events):
Event: 0.308 loading class org/eclipse/sisu/wire/URLTypeConverter done
Event: 0.308 loading class com/google/inject/ProvisionException
Event: 0.308 loading class com/google/inject/ProvisionException done
Event: 0.308 loading class org/eclipse/sisu/wire/WireModule$Strategy
Event: 0.308 loading class org/eclipse/sisu/wire/WireModule$Strategy done
Event: 0.308 loading class org/eclipse/sisu/wire/WireModule$Strategy$1
Event: 0.308 loading class org/eclipse/sisu/wire/WireModule$Strategy$1 done
Event: 0.309 loading class org/eclipse/sisu/wire/Wiring
Event: 0.309 loading class org/eclipse/sisu/wire/Wiring done
Event: 0.309 loading class com/google/inject/Guice
Event: 0.309 loading class com/google/inject/Guice done
Event: 0.309 loading class com/google/inject/internal/InternalInjectorCreator
Event: 0.309 loading class com/google/inject/internal/InternalInjectorCreator done
Event: 0.310 loading class com/google/inject/Injector
Event: 0.310 loading class com/google/inject/Injector done
Event: 0.310 loading class com/google/inject/internal/InternalProvisionException
Event: 0.310 loading class com/google/inject/internal/InternalProvisionException done
Event: 0.311 loading class com/google/inject/internal/util/Stopwatch
Event: 0.311 loading class com/google/inject/internal/util/Stopwatch done
Event: 0.311 loading class java/util/logging/Logger


Dynamic libraries:
0x00007ff7002a0000 - 0x00007ff7002ad000 	C:\Users\Media\AppData\Local\Programs\AdoptOpenJDK\bin\java.exe
0x00007fffb4af0000 - 0x00007fffb4ce5000 	C:\WINDOWS\SYSTEM32\ntdll.dll
0x00007fffb49f0000 - 0x00007fffb4aad000 	C:\WINDOWS\System32\KERNEL32.DLL
0x00007fffb2720000 - 0x00007fffb29e9000 	C:\WINDOWS\System32\KERNELBASE.dll
0x00007fffb2550000 - 0x00007fffb2650000 	C:\WINDOWS\System32\ucrtbase.dll
0x00007fffad210000 - 0x00007fffad227000 	C:\Users\Media\AppData\Local\Programs\AdoptOpenJDK\bin\jli.dll
0x00007fffafad0000 - 0x00007fffafae6000 	C:\Users\Media\AppData\Local\Programs\AdoptOpenJDK\bin\VCRUNTIME140.dll
0x00007fffb43f0000 - 0x00007fffb4590000 	C:\WINDOWS\System32\USER32.dll
0x00007fffb2230000 - 0x00007fffb2252000 	C:\WINDOWS\System32\win32u.dll
0x00007fff984d0000 - 0x00007fff9876a000 	C:\WINDOWS\WinSxS\amd64_microsoft.windows.common-controls_6595b64144ccf1df_6.0.19041.844_none_ca00b6081b84eb1d\COMCTL32.dll
0x00007fffb3e40000 - 0x00007fffb3e6a000 	C:\WINDOWS\System32\GDI32.dll
0x00007fffb3e70000 - 0x00007fffb3f0e000 	C:\WINDOWS\System32\msvcrt.dll
0x00007fffb2260000 - 0x00007fffb236b000 	C:\WINDOWS\System32\gdi32full.dll
0x00007fffb2680000 - 0x00007fffb271d000 	C:\WINDOWS\System32\msvcp_win.dll
0x00007fffb40e0000 - 0x00007fffb4110000 	C:\WINDOWS\System32\IMM32.DLL
0x00007fffa2820000 - 0x00007fffa28bb000 	C:\Users\Media\AppData\Local\Programs\AdoptOpenJDK\bin\msvcp140.dll
0x00007fff5aa10000 - 0x00007fff5b4cc000 	C:\Users\Media\AppData\Local\Programs\AdoptOpenJDK\bin\server\jvm.dll
0x00007fffb3970000 - 0x00007fffb3a1c000 	C:\WINDOWS\System32\ADVAPI32.dll
0x00007fffb4040000 - 0x00007fffb40dc000 	C:\WINDOWS\System32\sechost.dll
0x00007fffb3f10000 - 0x00007fffb403b000 	C:\WINDOWS\System32\RPCRT4.dll
0x00007fffb4110000 - 0x00007fffb4118000 	C:\WINDOWS\System32\PSAPI.DLL
0x00007fff96e30000 - 0x00007fff96e39000 	C:\WINDOWS\SYSTEM32\WSOCK32.dll
0x00007fff9b1f0000 - 0x00007fff9b217000 	C:\WINDOWS\SYSTEM32\WINMM.dll
0x00007fffa7400000 - 0x00007fffa740a000 	C:\WINDOWS\SYSTEM32\VERSION.dll
0x00007fffb3d70000 - 0x00007fffb3ddb000 	C:\WINDOWS\System32\WS2_32.dll
0x00007fffb0b20000 - 0x00007fffb0b32000 	C:\WINDOWS\SYSTEM32\kernel.appcore.dll
0x00007fffafa50000 - 0x00007fffafa60000 	C:\Users\Media\AppData\Local\Programs\AdoptOpenJDK\bin\verify.dll
0x00007fff99490000 - 0x00007fff99674000 	C:\WINDOWS\SYSTEM32\DBGHELP.DLL
0x00007fff98860000 - 0x00007fff9888c000 	C:\WINDOWS\SYSTEM32\dbgcore.DLL
0x00007fffb24d0000 - 0x00007fffb2550000 	C:\WINDOWS\System32\bcryptPrimitives.dll
0x00007fffa9e50000 - 0x00007fffa9e78000 	C:\Users\Media\AppData\Local\Programs\AdoptOpenJDK\bin\java.dll
0x00007fffafa20000 - 0x00007fffafa37000 	C:\Users\Media\AppData\Local\Programs\AdoptOpenJDK\bin\zip.dll
0x00007fffadfc0000 - 0x00007fffadfca000 	C:\Users\Media\AppData\Local\Programs\AdoptOpenJDK\bin\jimage.dll
0x00007fffb30f0000 - 0x00007fffb3832000 	C:\WINDOWS\System32\SHELL32.dll
0x00007fffb0270000 - 0x00007fffb0a00000 	C:\WINDOWS\SYSTEM32\windows.storage.dll
0x00007fffb4690000 - 0x00007fffb49e5000 	C:\WINDOWS\System32\combase.dll
0x00007fffb1c80000 - 0x00007fffb1cac000 	C:\WINDOWS\SYSTEM32\Wldp.dll
0x00007fffb3040000 - 0x00007fffb30ee000 	C:\WINDOWS\System32\SHCORE.dll
0x00007fffb3de0000 - 0x00007fffb3e35000 	C:\WINDOWS\System32\shlwapi.dll
0x00007fffb2170000 - 0x00007fffb218f000 	C:\WINDOWS\SYSTEM32\profapi.dll
0x00007fffac570000 - 0x00007fffac589000 	C:\Users\Media\AppData\Local\Programs\AdoptOpenJDK\bin\net.dll
0x00007fffa76b0000 - 0x00007fffa77bc000 	C:\WINDOWS\SYSTEM32\WINHTTP.dll
0x00007fffb19c0000 - 0x00007fffb1a2a000 	C:\WINDOWS\system32\mswsock.dll
0x00007fffa9ff0000 - 0x00007fffaa002000 	C:\Users\Media\AppData\Local\Programs\AdoptOpenJDK\bin\nio.dll
0x00007fffa9e30000 - 0x00007fffa9e3a000 	C:\Program Files\NetBeans-12.1\netbeans\java\maven\lib\jansi-native\windows64\jansi.dll

dbghelp: loaded successfully - version: 4.0.5 - missing functions: none
symbol engine: initialized successfully - sym options: 0x614 - pdb path: .;C:\Users\Media\AppData\Local\Programs\AdoptOpenJDK\bin;C:\WINDOWS\SYSTEM32;C:\WINDOWS\WinSxS\amd64_microsoft.windows.common-controls_6595b64144ccf1df_6.0.19041.844_none_ca00b6081b84eb1d;C:\Users\Media\AppData\Local\Programs\AdoptOpenJDK\bin\server;C:\Program Files\NetBeans-12.1\netbeans\java\maven\lib\jansi-native\windows64

VM Arguments:
jvm_args: -Dclassworlds.conf=C:\Program Files\NetBeans-12.1\netbeans\java\maven\bin\..\bin\m2.conf -Dmaven.home=C:\Program Files\NetBeans-12.1\netbeans\java\maven\bin\.. -Dlibrary.jansi.path=C:\Program Files\NetBeans-12.1\netbeans\java\maven\bin\..\lib\jansi-native -Dmaven.multiModuleProjectDirectory=C:\Users\Media\Documents\NetBeansProjects\g55870.luckynumbers 
java_command: org.codehaus.plexus.classworlds.launcher.Launcher -Dexec.args=-classpath %classpath g55870.luckynumbers.LuckyNumbers.LuckyNumbers -Dexec.executable=C:\Users\Media\AppData\Local\Programs\AdoptOpenJDK\bin\java.exe -Dmaven.ext.class.path=C:\Program Files\NetBeans-12.1\netbeans\java\maven-nblib\netbeans-eventspy.jar -Dfile.encoding=UTF-8 process-classes org.codehaus.mojo:exec-maven-plugin:1.5.0:exec
java_class_path (initial): C:\Program Files\NetBeans-12.1\netbeans\java\maven\bin\..\boot\plexus-classworlds-2.6.0.jar
Launcher Type: SUN_STANDARD

[Global flags]
     intx CICompilerCount                          = 4                                         {product} {ergonomic}
     uint ConcGCThreads                            = 3                                         {product} {ergonomic}
     uint G1ConcRefinementThreads                  = 10                                        {product} {ergonomic}
   size_t G1HeapRegionSize                         = 1048576                                   {product} {ergonomic}
    uintx GCDrainStackTargetSize                   = 64                                        {product} {ergonomic}
   size_t InitialHeapSize                          = 132120576                                 {product} {ergonomic}
   size_t MarkStackSize                            = 4194304                                   {product} {ergonomic}
   size_t MaxHeapSize                              = 2107637760                                {product} {ergonomic}
   size_t MaxNewSize                               = 1264582656                                {product} {ergonomic}
   size_t MinHeapDeltaBytes                        = 1048576                                   {product} {ergonomic}
    uintx NonNMethodCodeHeapSize                   = 5836300                                {pd product} {ergonomic}
    uintx NonProfiledCodeHeapSize                  = 122910970                              {pd product} {ergonomic}
    uintx ProfiledCodeHeapSize                     = 122910970                              {pd product} {ergonomic}
    uintx ReservedCodeCacheSize                    = 251658240                              {pd product} {ergonomic}
     bool SegmentedCodeCache                       = true                                      {product} {ergonomic}
     bool UseCompressedClassPointers               = true                                 {lp64_product} {ergonomic}
     bool UseCompressedOops                        = true                                 {lp64_product} {ergonomic}
     bool UseG1GC                                  = true                                      {product} {ergonomic}
     bool UseLargePagesIndividualAllocation        = false                                  {pd product} {ergonomic}

Logging:
Log output configuration:
 #0: stdout all=warning uptime,level,tags
 #1: stderr all=off uptime,level,tags

Environment Variables:
JAVA_HOME=C:\Users\Media\AppData\Local\Programs\AdoptOpenJDK
PATH=D:\bin\;C:\ProgramData\Oracle\Java\javapath;C:\Program Files (x86)\Common Files\Oracle\Java\javapath;C:\Program Files (x86)\Intel\Intel(R) Management Engine Components\iCLS\;C:\Program Files\Intel\Intel(R) Management Engine Components\iCLS\;C:\Windows\system32;C:\Windows;C:\Windows\System32\Wbem;C:\Windows\System32\WindowsPowerShell\v1.0\;C:\Program Files (x86)\NVIDIA Corporation\PhysX\Common;C:\Program Files\Intel\WiFi\bin\;C:\Program Files\Common Files\Intel\WirelessCommon\;C:\Program Files (x86)\Intel\Intel(R) Management Engine Components\DAL;C:\Program Files\Intel\Intel(R) Management Engine Components\DAL;C:\Program Files (x86)\Intel\Intel(R) Management Engine Components\IPT;C:\Program Files\Intel\Intel(R) Management Engine Components\IPT;C:\WINDOWS\system32;C:\WINDOWS;C:\WINDOWS\System32\Wbem;C:\WINDOWS\System32\WindowsPowerShell\v1.0\;C:\WINDOWS\System32\OpenSSH\;C:\Program Files\NVIDIA Corporation\NVIDIA NvDLISR;%SystemRoot%\system32;%SystemRoot%;%SystemRoot%\System32\Wbem;%SYSTEMROOT%\System32\WindowsPowerShell\v1.0\;%SYSTEMROOT%\System32\OpenSSH\;C:\Users\Media\AppData\Local\Programs\AdoptOpenJDK\bin;C:\Users\Media\AppData\Local\Microsoft\WindowsApps;C:\Users\Media\AppData\Local\Programs\Microsoft VS Code\bin;
USERNAME=Media
OS=Windows_NT
PROCESSOR_IDENTIFIER=Intel64 Family 6 Model 158 Stepping 10, GenuineIntel



---------------  S Y S T E M  ---------------

OS: Windows 10 , 64 bit Build 19041 (10.0.19041.804)
HyperV virtualization detected

CPU:total 12 (initial active 12) (6 cores per cpu, 2 threads per core) family 6 model 158 stepping 10, cmov, cx8, fxsr, mmx, sse, sse2, sse3, ssse3, sse4.1, sse4.2, popcnt, avx, avx2, aes, clmul, erms, 3dnowpref, lzcnt, ht, tsc, tscinvbit, bmi1, bmi2, adx, fma

Memory: 4k page, system-wide physical 8038M (1000M free)
TotalPageFile size 23135M (AvailPageFile size 4M)
current process WorkingSet (physical memory assigned to process): 61M, peak: 61M
current process commit charge ("private bytes"): 220M, peak: 221M

vm_info: OpenJDK 64-Bit Server VM (11.0.6+10) for windows-amd64 JRE (11.0.6+10), built on Jan 15 2020 06:14:58 by "" with MS VC++ 15.8 (VS2017)

END.
